{"C:\\Liliya\\Courses\\Seneca_CPA\\Term 6\\PRJ666\\BookShelf.io\\backend\\src\\app.js": {"path":"C:\\Liliya\\Courses\\Seneca_CPA\\Term 6\\PRJ666\\BookShelf.io\\backend\\src\\app.js","statementMap":{"0":{"start":{"line":1,"column":16},"end":{"line":1,"column":34}},"1":{"start":{"line":2,"column":12},"end":{"line":2,"column":21}},"2":{"start":{"line":3,"column":20},"end":{"line":3,"column":46}},"3":{"start":{"line":4,"column":22},"end":{"line":4,"column":55}},"4":{"start":{"line":5,"column":19},"end":{"line":5,"column":49}},"5":{"start":{"line":6,"column":35},"end":{"line":6,"column":78}},"6":{"start":{"line":7,"column":19},"end":{"line":7,"column":41}},"7":{"start":{"line":8,"column":13},"end":{"line":8,"column":28}},"8":{"start":{"line":11,"column":15},"end":{"line":11,"column":34}},"9":{"start":{"line":12,"column":13},"end":{"line":12,"column":45}},"10":{"start":{"line":15,"column":0},"end":{"line":15,"column":24}},"11":{"start":{"line":16,"column":0},"end":{"line":16,"column":27}},"12":{"start":{"line":17,"column":0},"end":{"line":17,"column":14}},"13":{"start":{"line":18,"column":0},"end":{"line":18,"column":16}},"14":{"start":{"line":21,"column":0},"end":{"line":21,"column":51}},"15":{"start":{"line":22,"column":0},"end":{"line":22,"column":27}},"16":{"start":{"line":25,"column":0},"end":{"line":25,"column":26}},"17":{"start":{"line":26,"column":0},"end":{"line":26,"column":40}},"18":{"start":{"line":27,"column":0},"end":{"line":27,"column":34}},"19":{"start":{"line":29,"column":0},"end":{"line":29,"column":18}},"20":{"start":{"line":30,"column":0},"end":{"line":30,"column":22}},"21":{"start":{"line":32,"column":0},"end":{"line":32,"column":21}}},"fnMap":{},"branchMap":{},"s":{"0":4,"1":4,"2":4,"3":4,"4":4,"5":4,"6":4,"7":4,"8":4,"9":4,"10":4,"11":4,"12":4,"13":4,"14":4,"15":4,"16":4,"17":4,"18":4,"19":4,"20":4,"21":4},"f":{},"b":{},"_coverageSchema":"1a1c01bbd47fc00a2c39e90264f33305004495a9","hash":"f76d0eddbe32f63dd6310109442021400e733340"}
,"C:\\Liliya\\Courses\\Seneca_CPA\\Term 6\\PRJ666\\BookShelf.io\\backend\\src\\logger.js": {"path":"C:\\Liliya\\Courses\\Seneca_CPA\\Term 6\\PRJ666\\BookShelf.io\\backend\\src\\logger.js","statementMap":{"0":{"start":{"line":2,"column":16},"end":{"line":10,"column":1}},"1":{"start":{"line":12,"column":0},"end":{"line":12,"column":42}}},"fnMap":{},"branchMap":{"0":{"loc":{"start":{"line":3,"column":9},"end":{"line":3,"column":41}},"type":"binary-expr","locations":[{"start":{"line":3,"column":9},"end":{"line":3,"column":30}},{"start":{"line":3,"column":34},"end":{"line":3,"column":41}}],"line":3}},"s":{"0":4,"1":4},"f":{},"b":{"0":[4,0]},"_coverageSchema":"1a1c01bbd47fc00a2c39e90264f33305004495a9","hash":"7fcc0505b35ba30ce0ddf9473cf422d8841511d8"}
,"C:\\Liliya\\Courses\\Seneca_CPA\\Term 6\\PRJ666\\BookShelf.io\\backend\\src\\response.js": {"path":"C:\\Liliya\\Courses\\Seneca_CPA\\Term 6\\PRJ666\\BookShelf.io\\backend\\src\\response.js","statementMap":{"0":{"start":{"line":1,"column":0},"end":{"line":6,"column":2}},"1":{"start":{"line":2,"column":2},"end":{"line":5,"column":4}},"2":{"start":{"line":8,"column":0},"end":{"line":16,"column":2}},"3":{"start":{"line":9,"column":2},"end":{"line":15,"column":4}}},"fnMap":{"0":{"name":"(anonymous_0)","decl":{"start":{"line":1,"column":39},"end":{"line":1,"column":40}},"loc":{"start":{"line":1,"column":49},"end":{"line":6,"column":1}},"line":1},"1":{"name":"(anonymous_1)","decl":{"start":{"line":8,"column":37},"end":{"line":8,"column":38}},"loc":{"start":{"line":8,"column":56},"end":{"line":16,"column":1}},"line":8}},"branchMap":{},"s":{"0":4,"1":15,"2":4,"3":2},"f":{"0":15,"1":2},"b":{},"_coverageSchema":"1a1c01bbd47fc00a2c39e90264f33305004495a9","hash":"639859a10150793af010904ba593137347053613"}
,"C:\\Liliya\\Courses\\Seneca_CPA\\Term 6\\PRJ666\\BookShelf.io\\backend\\src\\aws\\index.js": {"path":"C:\\Liliya\\Courses\\Seneca_CPA\\Term 6\\PRJ666\\BookShelf.io\\backend\\src\\aws\\index.js","statementMap":{"0":{"start":{"line":1,"column":21},"end":{"line":1,"column":50}},"1":{"start":{"line":2,"column":68},"end":{"line":2,"column":97}},"2":{"start":{"line":3,"column":15},"end":{"line":3,"column":35}},"3":{"start":{"line":7,"column":17},"end":{"line":11,"column":3}},"4":{"start":{"line":14,"column":18},"end":{"line":14,"column":46}},"5":{"start":{"line":16,"column":2},"end":{"line":30,"column":3}},"6":{"start":{"line":17,"column":21},"end":{"line":24,"column":6}},"7":{"start":{"line":25,"column":4},"end":{"line":25,"column":33}},"8":{"start":{"line":27,"column":28},"end":{"line":27,"column":34}},"9":{"start":{"line":28,"column":4},"end":{"line":28,"column":75}},"10":{"start":{"line":29,"column":4},"end":{"line":29,"column":46}},"11":{"start":{"line":34,"column":17},"end":{"line":37,"column":3}},"12":{"start":{"line":39,"column":18},"end":{"line":39,"column":46}},"13":{"start":{"line":41,"column":2},"end":{"line":56,"column":3}},"14":{"start":{"line":42,"column":21},"end":{"line":49,"column":6}},"15":{"start":{"line":50,"column":17},"end":{"line":50,"column":45}},"16":{"start":{"line":51,"column":4},"end":{"line":51,"column":37}},"17":{"start":{"line":53,"column":28},"end":{"line":53,"column":34}},"18":{"start":{"line":54,"column":4},"end":{"line":54,"column":77}},"19":{"start":{"line":55,"column":4},"end":{"line":55,"column":49}},"20":{"start":{"line":61,"column":17},"end":{"line":64,"column":3}},"21":{"start":{"line":66,"column":18},"end":{"line":66,"column":49}},"22":{"start":{"line":68,"column":2},"end":{"line":82,"column":3}},"23":{"start":{"line":69,"column":21},"end":{"line":76,"column":6}},"24":{"start":{"line":77,"column":4},"end":{"line":77,"column":33}},"25":{"start":{"line":79,"column":28},"end":{"line":79,"column":34}},"26":{"start":{"line":80,"column":4},"end":{"line":80,"column":76}},"27":{"start":{"line":81,"column":4},"end":{"line":81,"column":53}},"28":{"start":{"line":85,"column":0},"end":{"line":85,"column":37}},"29":{"start":{"line":86,"column":0},"end":{"line":86,"column":35}},"30":{"start":{"line":87,"column":0},"end":{"line":87,"column":41}}},"fnMap":{"0":{"name":"saveImage","decl":{"start":{"line":6,"column":15},"end":{"line":6,"column":24}},"loc":{"start":{"line":6,"column":39},"end":{"line":31,"column":1}},"line":6},"1":{"name":"getImage","decl":{"start":{"line":33,"column":15},"end":{"line":33,"column":23}},"loc":{"start":{"line":33,"column":32},"end":{"line":57,"column":1}},"line":33},"2":{"name":"deleteImage","decl":{"start":{"line":60,"column":15},"end":{"line":60,"column":26}},"loc":{"start":{"line":60,"column":35},"end":{"line":83,"column":1}},"line":60}},"branchMap":{},"s":{"0":4,"1":4,"2":4,"3":0,"4":0,"5":0,"6":0,"7":0,"8":0,"9":0,"10":0,"11":0,"12":0,"13":0,"14":0,"15":0,"16":0,"17":0,"18":0,"19":0,"20":0,"21":0,"22":0,"23":0,"24":0,"25":0,"26":0,"27":0,"28":4,"29":4,"30":4},"f":{"0":0,"1":0,"2":0},"b":{},"_coverageSchema":"1a1c01bbd47fc00a2c39e90264f33305004495a9","hash":"decf946ff81f92378ba50dcba6959f0ba1ba0c6d"}
,"C:\\Liliya\\Courses\\Seneca_CPA\\Term 6\\PRJ666\\BookShelf.io\\backend\\src\\controllers\\addressController.js": {"path":"C:\\Liliya\\Courses\\Seneca_CPA\\Term 6\\PRJ666\\BookShelf.io\\backend\\src\\controllers\\addressController.js","statementMap":{"0":{"start":{"line":1,"column":16},"end":{"line":1,"column":44}},"1":{"start":{"line":2,"column":13},"end":{"line":2,"column":38}},"2":{"start":{"line":3,"column":55},"end":{"line":3,"column":80}},"3":{"start":{"line":4,"column":15},"end":{"line":4,"column":35}},"4":{"start":{"line":5,"column":17},"end":{"line":5,"column":36}},"5":{"start":{"line":9,"column":0},"end":{"line":32,"column":2}},"6":{"start":{"line":10,"column":17},"end":{"line":10,"column":28}},"7":{"start":{"line":12,"column":18},"end":{"line":19,"column":4}},"8":{"start":{"line":21,"column":2},"end":{"line":31,"column":3}},"9":{"start":{"line":22,"column":23},"end":{"line":22,"column":43}},"10":{"start":{"line":23,"column":4},"end":{"line":23,"column":80}},"11":{"start":{"line":24,"column":4},"end":{"line":24,"column":50}},"12":{"start":{"line":25,"column":4},"end":{"line":25,"column":54}},"13":{"start":{"line":26,"column":4},"end":{"line":26,"column":94}},"14":{"start":{"line":28,"column":16},"end":{"line":28,"column":29}},"15":{"start":{"line":29,"column":4},"end":{"line":29,"column":53}},"16":{"start":{"line":30,"column":4},"end":{"line":30,"column":78}},"17":{"start":{"line":35,"column":0},"end":{"line":52,"column":2}},"18":{"start":{"line":36,"column":24},"end":{"line":36,"column":42}},"19":{"start":{"line":38,"column":2},"end":{"line":51,"column":3}},"20":{"start":{"line":39,"column":4},"end":{"line":47,"column":5}},"21":{"start":{"line":40,"column":6},"end":{"line":40,"column":92}},"22":{"start":{"line":42,"column":24},"end":{"line":42,"column":61}},"23":{"start":{"line":43,"column":6},"end":{"line":43,"column":54}},"24":{"start":{"line":44,"column":6},"end":{"line":46,"column":88}},"25":{"start":{"line":49,"column":4},"end":{"line":49,"column":67}},"26":{"start":{"line":50,"column":4},"end":{"line":50,"column":16}},"27":{"start":{"line":55,"column":0},"end":{"line":78,"column":2}},"28":{"start":{"line":56,"column":24},"end":{"line":56,"column":42}},"29":{"start":{"line":57,"column":2},"end":{"line":77,"column":3}},"30":{"start":{"line":58,"column":4},"end":{"line":73,"column":5}},"31":{"start":{"line":59,"column":6},"end":{"line":59,"column":92}},"32":{"start":{"line":61,"column":27},"end":{"line":68,"column":7}},"33":{"start":{"line":70,"column":6},"end":{"line":70,"column":75}},"34":{"start":{"line":71,"column":6},"end":{"line":71,"column":76}},"35":{"start":{"line":72,"column":6},"end":{"line":72,"column":100}},"36":{"start":{"line":75,"column":4},"end":{"line":75,"column":71}},"37":{"start":{"line":76,"column":4},"end":{"line":76,"column":16}},"38":{"start":{"line":81,"column":0},"end":{"line":99,"column":2}},"39":{"start":{"line":82,"column":24},"end":{"line":82,"column":42}},"40":{"start":{"line":83,"column":17},"end":{"line":83,"column":28}},"41":{"start":{"line":84,"column":2},"end":{"line":98,"column":3}},"42":{"start":{"line":85,"column":4},"end":{"line":94,"column":5}},"43":{"start":{"line":86,"column":6},"end":{"line":86,"column":92}},"44":{"start":{"line":88,"column":6},"end":{"line":88,"column":53}},"45":{"start":{"line":89,"column":6},"end":{"line":89,"column":73}},"46":{"start":{"line":90,"column":6},"end":{"line":90,"column":72}},"47":{"start":{"line":91,"column":6},"end":{"line":93,"column":92}},"48":{"start":{"line":96,"column":4},"end":{"line":96,"column":76}},"49":{"start":{"line":97,"column":4},"end":{"line":97,"column":16}}},"fnMap":{"0":{"name":"(anonymous_0)","decl":{"start":{"line":9,"column":21},"end":{"line":9,"column":22}},"loc":{"start":{"line":9,"column":41},"end":{"line":32,"column":1}},"line":9},"1":{"name":"(anonymous_1)","decl":{"start":{"line":35,"column":21},"end":{"line":35,"column":22}},"loc":{"start":{"line":35,"column":47},"end":{"line":52,"column":1}},"line":35},"2":{"name":"(anonymous_2)","decl":{"start":{"line":55,"column":24},"end":{"line":55,"column":25}},"loc":{"start":{"line":55,"column":50},"end":{"line":78,"column":1}},"line":55},"3":{"name":"(anonymous_3)","decl":{"start":{"line":81,"column":24},"end":{"line":81,"column":25}},"loc":{"start":{"line":81,"column":50},"end":{"line":99,"column":1}},"line":81}},"branchMap":{"0":{"loc":{"start":{"line":39,"column":4},"end":{"line":47,"column":5}},"type":"if","locations":[{"start":{"line":39,"column":4},"end":{"line":47,"column":5}},{"start":{"line":41,"column":11},"end":{"line":47,"column":5}}],"line":39},"1":{"loc":{"start":{"line":58,"column":4},"end":{"line":73,"column":5}},"type":"if","locations":[{"start":{"line":58,"column":4},"end":{"line":73,"column":5}},{"start":{"line":60,"column":11},"end":{"line":73,"column":5}}],"line":58},"2":{"loc":{"start":{"line":85,"column":4},"end":{"line":94,"column":5}},"type":"if","locations":[{"start":{"line":85,"column":4},"end":{"line":94,"column":5}},{"start":{"line":87,"column":11},"end":{"line":94,"column":5}}],"line":85}},"s":{"0":4,"1":4,"2":4,"3":4,"4":4,"5":4,"6":0,"7":0,"8":0,"9":0,"10":0,"11":0,"12":0,"13":0,"14":0,"15":0,"16":0,"17":4,"18":0,"19":0,"20":0,"21":0,"22":0,"23":0,"24":0,"25":0,"26":0,"27":4,"28":0,"29":0,"30":0,"31":0,"32":0,"33":0,"34":0,"35":0,"36":0,"37":0,"38":4,"39":0,"40":0,"41":0,"42":0,"43":0,"44":0,"45":0,"46":0,"47":0,"48":0,"49":0},"f":{"0":0,"1":0,"2":0,"3":0},"b":{"0":[0,0],"1":[0,0],"2":[0,0]},"_coverageSchema":"1a1c01bbd47fc00a2c39e90264f33305004495a9","hash":"6dbf000b59d17e8cc93d2ef73f7490ae59cb81cf"}
,"C:\\Liliya\\Courses\\Seneca_CPA\\Term 6\\PRJ666\\BookShelf.io\\backend\\src\\controllers\\bookController.js": {"path":"C:\\Liliya\\Courses\\Seneca_CPA\\Term 6\\PRJ666\\BookShelf.io\\backend\\src\\controllers\\bookController.js","statementMap":{"0":{"start":{"line":1,"column":13},"end":{"line":1,"column":38}},"1":{"start":{"line":2,"column":55},"end":{"line":2,"column":80}},"2":{"start":{"line":3,"column":15},"end":{"line":3,"column":35}},"3":{"start":{"line":4,"column":45},"end":{"line":4,"column":62}},"4":{"start":{"line":5,"column":23},"end":{"line":5,"column":40}},"5":{"start":{"line":6,"column":17},"end":{"line":6,"column":36}},"6":{"start":{"line":10,"column":0},"end":{"line":34,"column":2}},"7":{"start":{"line":11,"column":18},"end":{"line":11,"column":30}},"8":{"start":{"line":12,"column":15},"end":{"line":20,"column":4}},"9":{"start":{"line":22,"column":2},"end":{"line":33,"column":3}},"10":{"start":{"line":23,"column":4},"end":{"line":23,"column":22}},"11":{"start":{"line":24,"column":4},"end":{"line":24,"column":46}},"12":{"start":{"line":25,"column":4},"end":{"line":25,"column":44}},"13":{"start":{"line":26,"column":4},"end":{"line":26,"column":48}},"14":{"start":{"line":27,"column":4},"end":{"line":27,"column":91}},"15":{"start":{"line":29,"column":16},"end":{"line":29,"column":29}},"16":{"start":{"line":30,"column":4},"end":{"line":30,"column":58}},"17":{"start":{"line":31,"column":4},"end":{"line":31,"column":51}},"18":{"start":{"line":32,"column":4},"end":{"line":32,"column":74}},"19":{"start":{"line":40,"column":0},"end":{"line":60,"column":2}},"20":{"start":{"line":41,"column":2},"end":{"line":59,"column":3}},"21":{"start":{"line":42,"column":37},"end":{"line":42,"column":46}},"22":{"start":{"line":43,"column":16},"end":{"line":43,"column":18}},"23":{"start":{"line":45,"column":4},"end":{"line":45,"column":35}},"24":{"start":{"line":45,"column":15},"end":{"line":45,"column":35}},"25":{"start":{"line":46,"column":4},"end":{"line":46,"column":38}},"26":{"start":{"line":46,"column":16},"end":{"line":46,"column":38}},"27":{"start":{"line":47,"column":4},"end":{"line":47,"column":35}},"28":{"start":{"line":47,"column":15},"end":{"line":47,"column":35}},"29":{"start":{"line":49,"column":21},"end":{"line":49,"column":43}},"30":{"start":{"line":50,"column":4},"end":{"line":55,"column":6}},"31":{"start":{"line":57,"column":4},"end":{"line":57,"column":55}},"32":{"start":{"line":58,"column":4},"end":{"line":58,"column":77}},"33":{"start":{"line":63,"column":0},"end":{"line":80,"column":2}},"34":{"start":{"line":64,"column":13},"end":{"line":64,"column":26}},"35":{"start":{"line":65,"column":2},"end":{"line":79,"column":3}},"36":{"start":{"line":66,"column":15},"end":{"line":66,"column":38}},"37":{"start":{"line":67,"column":4},"end":{"line":67,"column":40}},"38":{"start":{"line":69,"column":4},"end":{"line":74,"column":6}},"39":{"start":{"line":76,"column":4},"end":{"line":76,"column":60}},"40":{"start":{"line":77,"column":4},"end":{"line":77,"column":78}},"41":{"start":{"line":78,"column":4},"end":{"line":78,"column":16}},"42":{"start":{"line":83,"column":0},"end":{"line":126,"column":2}},"43":{"start":{"line":84,"column":13},"end":{"line":84,"column":26}},"44":{"start":{"line":85,"column":18},"end":{"line":85,"column":30}},"45":{"start":{"line":87,"column":2},"end":{"line":89,"column":3}},"46":{"start":{"line":88,"column":4},"end":{"line":88,"column":76}},"47":{"start":{"line":90,"column":2},"end":{"line":125,"column":3}},"48":{"start":{"line":91,"column":22},"end":{"line":91,"column":45}},"49":{"start":{"line":92,"column":4},"end":{"line":121,"column":5}},"50":{"start":{"line":93,"column":6},"end":{"line":93,"column":60}},"51":{"start":{"line":94,"column":6},"end":{"line":94,"column":81}},"52":{"start":{"line":96,"column":6},"end":{"line":96,"column":45}},"53":{"start":{"line":97,"column":26},"end":{"line":97,"column":37}},"54":{"start":{"line":98,"column":24},"end":{"line":98,"column":38}},"55":{"start":{"line":99,"column":6},"end":{"line":120,"column":7}},"56":{"start":{"line":100,"column":8},"end":{"line":100,"column":93}},"57":{"start":{"line":101,"column":8},"end":{"line":103,"column":90}},"58":{"start":{"line":105,"column":29},"end":{"line":112,"column":9}},"59":{"start":{"line":113,"column":28},"end":{"line":113,"column":82}},"60":{"start":{"line":114,"column":20},"end":{"line":114,"column":44}},"61":{"start":{"line":115,"column":27},"end":{"line":115,"column":56}},"62":{"start":{"line":116,"column":8},"end":{"line":116,"column":38}},"63":{"start":{"line":117,"column":8},"end":{"line":117,"column":50}},"64":{"start":{"line":118,"column":8},"end":{"line":118,"column":67}},"65":{"start":{"line":119,"column":8},"end":{"line":119,"column":88}},"66":{"start":{"line":123,"column":4},"end":{"line":123,"column":63}},"67":{"start":{"line":124,"column":4},"end":{"line":124,"column":16}},"68":{"start":{"line":128,"column":0},"end":{"line":152,"column":2}},"69":{"start":{"line":129,"column":22},"end":{"line":129,"column":33}},"70":{"start":{"line":130,"column":13},"end":{"line":130,"column":26}},"71":{"start":{"line":131,"column":2},"end":{"line":151,"column":3}},"72":{"start":{"line":132,"column":22},"end":{"line":132,"column":45}},"73":{"start":{"line":133,"column":22},"end":{"line":133,"column":36}},"74":{"start":{"line":134,"column":4},"end":{"line":147,"column":5}},"75":{"start":{"line":135,"column":6},"end":{"line":135,"column":60}},"76":{"start":{"line":136,"column":6},"end":{"line":136,"column":81}},"77":{"start":{"line":137,"column":11},"end":{"line":147,"column":5}},"78":{"start":{"line":138,"column":6},"end":{"line":138,"column":91}},"79":{"start":{"line":139,"column":6},"end":{"line":141,"column":88}},"80":{"start":{"line":143,"column":6},"end":{"line":143,"column":43}},"81":{"start":{"line":144,"column":6},"end":{"line":144,"column":39}},"82":{"start":{"line":145,"column":6},"end":{"line":145,"column":28}},"83":{"start":{"line":146,"column":6},"end":{"line":146,"column":88}},"84":{"start":{"line":149,"column":4},"end":{"line":149,"column":71}},"85":{"start":{"line":150,"column":4},"end":{"line":150,"column":16}},"86":{"start":{"line":155,"column":0},"end":{"line":172,"column":2}},"87":{"start":{"line":156,"column":17},"end":{"line":156,"column":34}},"88":{"start":{"line":157,"column":2},"end":{"line":171,"column":3}},"89":{"start":{"line":158,"column":16},"end":{"line":158,"column":62}},"90":{"start":{"line":159,"column":4},"end":{"line":159,"column":42}},"91":{"start":{"line":161,"column":4},"end":{"line":166,"column":6}},"92":{"start":{"line":168,"column":4},"end":{"line":168,"column":87}},"93":{"start":{"line":169,"column":4},"end":{"line":169,"column":71}},"94":{"start":{"line":170,"column":4},"end":{"line":170,"column":16}},"95":{"start":{"line":175,"column":0},"end":{"line":193,"column":2}},"96":{"start":{"line":176,"column":17},"end":{"line":176,"column":26}},"97":{"start":{"line":178,"column":2},"end":{"line":192,"column":3}},"98":{"start":{"line":179,"column":16},"end":{"line":179,"column":66}},"99":{"start":{"line":180,"column":4},"end":{"line":180,"column":42}},"100":{"start":{"line":182,"column":4},"end":{"line":187,"column":6}},"101":{"start":{"line":189,"column":4},"end":{"line":189,"column":87}},"102":{"start":{"line":190,"column":4},"end":{"line":190,"column":71}},"103":{"start":{"line":191,"column":4},"end":{"line":191,"column":16}}},"fnMap":{"0":{"name":"(anonymous_0)","decl":{"start":{"line":10,"column":17},"end":{"line":10,"column":18}},"loc":{"start":{"line":10,"column":37},"end":{"line":34,"column":1}},"line":10},"1":{"name":"(anonymous_1)","decl":{"start":{"line":40,"column":19},"end":{"line":40,"column":20}},"loc":{"start":{"line":40,"column":39},"end":{"line":60,"column":1}},"line":40},"2":{"name":"(anonymous_2)","decl":{"start":{"line":63,"column":15},"end":{"line":63,"column":16}},"loc":{"start":{"line":63,"column":41},"end":{"line":80,"column":1}},"line":63},"3":{"name":"(anonymous_3)","decl":{"start":{"line":83,"column":17},"end":{"line":83,"column":18}},"loc":{"start":{"line":83,"column":43},"end":{"line":126,"column":1}},"line":83},"4":{"name":"(anonymous_4)","decl":{"start":{"line":128,"column":17},"end":{"line":128,"column":18}},"loc":{"start":{"line":128,"column":43},"end":{"line":152,"column":1}},"line":128},"5":{"name":"(anonymous_5)","decl":{"start":{"line":155,"column":16},"end":{"line":155,"column":17}},"loc":{"start":{"line":155,"column":42},"end":{"line":172,"column":1}},"line":155},"6":{"name":"(anonymous_6)","decl":{"start":{"line":175,"column":21},"end":{"line":175,"column":22}},"loc":{"start":{"line":175,"column":47},"end":{"line":193,"column":1}},"line":175}},"branchMap":{"0":{"loc":{"start":{"line":45,"column":4},"end":{"line":45,"column":35}},"type":"if","locations":[{"start":{"line":45,"column":4},"end":{"line":45,"column":35}},{"start":{},"end":{}}],"line":45},"1":{"loc":{"start":{"line":46,"column":4},"end":{"line":46,"column":38}},"type":"if","locations":[{"start":{"line":46,"column":4},"end":{"line":46,"column":38}},{"start":{},"end":{}}],"line":46},"2":{"loc":{"start":{"line":47,"column":4},"end":{"line":47,"column":35}},"type":"if","locations":[{"start":{"line":47,"column":4},"end":{"line":47,"column":35}},{"start":{},"end":{}}],"line":47},"3":{"loc":{"start":{"line":53,"column":15},"end":{"line":53,"column":29}},"type":"binary-expr","locations":[{"start":{"line":53,"column":15},"end":{"line":53,"column":23}},{"start":{"line":53,"column":27},"end":{"line":53,"column":29}}],"line":53},"4":{"loc":{"start":{"line":87,"column":2},"end":{"line":89,"column":3}},"type":"if","locations":[{"start":{"line":87,"column":2},"end":{"line":89,"column":3}},{"start":{},"end":{}}],"line":87},"5":{"loc":{"start":{"line":92,"column":4},"end":{"line":121,"column":5}},"type":"if","locations":[{"start":{"line":92,"column":4},"end":{"line":121,"column":5}},{"start":{"line":95,"column":11},"end":{"line":121,"column":5}}],"line":92},"6":{"loc":{"start":{"line":99,"column":6},"end":{"line":120,"column":7}},"type":"if","locations":[{"start":{"line":99,"column":6},"end":{"line":120,"column":7}},{"start":{"line":104,"column":13},"end":{"line":120,"column":7}}],"line":99},"7":{"loc":{"start":{"line":134,"column":4},"end":{"line":147,"column":5}},"type":"if","locations":[{"start":{"line":134,"column":4},"end":{"line":147,"column":5}},{"start":{"line":137,"column":11},"end":{"line":147,"column":5}}],"line":134},"8":{"loc":{"start":{"line":137,"column":11},"end":{"line":147,"column":5}},"type":"if","locations":[{"start":{"line":137,"column":11},"end":{"line":147,"column":5}},{"start":{"line":142,"column":11},"end":{"line":147,"column":5}}],"line":137}},"s":{"0":4,"1":4,"2":4,"3":4,"4":4,"5":4,"6":4,"7":0,"8":0,"9":0,"10":0,"11":0,"12":0,"13":0,"14":0,"15":0,"16":0,"17":0,"18":0,"19":4,"20":0,"21":0,"22":0,"23":0,"24":0,"25":0,"26":0,"27":0,"28":0,"29":0,"30":0,"31":0,"32":0,"33":4,"34":0,"35":0,"36":0,"37":0,"38":0,"39":0,"40":0,"41":0,"42":4,"43":0,"44":0,"45":0,"46":0,"47":0,"48":0,"49":0,"50":0,"51":0,"52":0,"53":0,"54":0,"55":0,"56":0,"57":0,"58":0,"59":0,"60":0,"61":0,"62":0,"63":0,"64":0,"65":0,"66":0,"67":0,"68":4,"69":0,"70":0,"71":0,"72":0,"73":0,"74":0,"75":0,"76":0,"77":0,"78":0,"79":0,"80":0,"81":0,"82":0,"83":0,"84":0,"85":0,"86":4,"87":0,"88":0,"89":0,"90":0,"91":0,"92":0,"93":0,"94":0,"95":4,"96":0,"97":0,"98":0,"99":0,"100":0,"101":0,"102":0,"103":0},"f":{"0":0,"1":0,"2":0,"3":0,"4":0,"5":0,"6":0},"b":{"0":[0,0],"1":[0,0],"2":[0,0],"3":[0,0],"4":[0,0],"5":[0,0],"6":[0,0],"7":[0,0],"8":[0,0]},"_coverageSchema":"1a1c01bbd47fc00a2c39e90264f33305004495a9","hash":"a88c9d4fb6238adfc7e6dfbf6a1229c1109217d0"}
,"C:\\Liliya\\Courses\\Seneca_CPA\\Term 6\\PRJ666\\BookShelf.io\\backend\\src\\controllers\\orderController.js": {"path":"C:\\Liliya\\Courses\\Seneca_CPA\\Term 6\\PRJ666\\BookShelf.io\\backend\\src\\controllers\\orderController.js","statementMap":{"0":{"start":{"line":1,"column":14},"end":{"line":1,"column":40}},"1":{"start":{"line":2,"column":13},"end":{"line":2,"column":38}},"2":{"start":{"line":3,"column":55},"end":{"line":3,"column":80}},"3":{"start":{"line":4,"column":15},"end":{"line":4,"column":35}},"4":{"start":{"line":7,"column":0},"end":{"line":26,"column":2}},"5":{"start":{"line":8,"column":17},"end":{"line":8,"column":28}},"6":{"start":{"line":10,"column":16},"end":{"line":13,"column":4}},"7":{"start":{"line":15,"column":2},"end":{"line":25,"column":3}},"8":{"start":{"line":16,"column":21},"end":{"line":16,"column":39}},"9":{"start":{"line":17,"column":4},"end":{"line":17,"column":86}},"10":{"start":{"line":18,"column":4},"end":{"line":18,"column":46}},"11":{"start":{"line":19,"column":4},"end":{"line":19,"column":50}},"12":{"start":{"line":20,"column":4},"end":{"line":20,"column":92}},"13":{"start":{"line":22,"column":16},"end":{"line":22,"column":29}},"14":{"start":{"line":23,"column":4},"end":{"line":23,"column":51}},"15":{"start":{"line":24,"column":4},"end":{"line":24,"column":76}},"16":{"start":{"line":29,"column":0},"end":{"line":39,"column":2}},"17":{"start":{"line":30,"column":21},"end":{"line":30,"column":36}},"18":{"start":{"line":32,"column":2},"end":{"line":38,"column":3}},"19":{"start":{"line":33,"column":4},"end":{"line":33,"column":46}},"20":{"start":{"line":34,"column":4},"end":{"line":34,"column":86}},"21":{"start":{"line":36,"column":4},"end":{"line":36,"column":70}},"22":{"start":{"line":37,"column":4},"end":{"line":37,"column":16}}},"fnMap":{"0":{"name":"(anonymous_0)","decl":{"start":{"line":7,"column":22},"end":{"line":7,"column":23}},"loc":{"start":{"line":7,"column":42},"end":{"line":26,"column":1}},"line":7},"1":{"name":"(anonymous_1)","decl":{"start":{"line":29,"column":20},"end":{"line":29,"column":21}},"loc":{"start":{"line":29,"column":46},"end":{"line":39,"column":1}},"line":29}},"branchMap":{},"s":{"0":4,"1":4,"2":4,"3":4,"4":4,"5":1,"6":1,"7":1,"8":1,"9":1,"10":1,"11":1,"12":1,"13":0,"14":0,"15":0,"16":4,"17":1,"18":1,"19":1,"20":1,"21":0,"22":0},"f":{"0":1,"1":1},"b":{},"_coverageSchema":"1a1c01bbd47fc00a2c39e90264f33305004495a9","hash":"2c78330040b2f1f6baaa9a88c04a247ba68b2892"}
,"C:\\Liliya\\Courses\\Seneca_CPA\\Term 6\\PRJ666\\BookShelf.io\\backend\\src\\controllers\\userController.js": {"path":"C:\\Liliya\\Courses\\Seneca_CPA\\Term 6\\PRJ666\\BookShelf.io\\backend\\src\\controllers\\userController.js","statementMap":{"0":{"start":{"line":1,"column":13},"end":{"line":1,"column":38}},"1":{"start":{"line":2,"column":55},"end":{"line":2,"column":80}},"2":{"start":{"line":3,"column":15},"end":{"line":3,"column":35}},"3":{"start":{"line":4,"column":21},"end":{"line":4,"column":53}},"4":{"start":{"line":5,"column":26},"end":{"line":5,"column":62}},"5":{"start":{"line":6,"column":17},"end":{"line":6,"column":36}},"6":{"start":{"line":8,"column":0},"end":{"line":26,"column":3}},"7":{"start":{"line":9,"column":30},"end":{"line":9,"column":38}},"8":{"start":{"line":11,"column":15},"end":{"line":11,"column":44}},"9":{"start":{"line":13,"column":2},"end":{"line":25,"column":3}},"10":{"start":{"line":14,"column":4},"end":{"line":22,"column":6}},"11":{"start":{"line":24,"column":4},"end":{"line":24,"column":80}},"12":{"start":{"line":28,"column":0},"end":{"line":55,"column":3}},"13":{"start":{"line":29,"column":51},"end":{"line":29,"column":59}},"14":{"start":{"line":31,"column":21},"end":{"line":31,"column":50}},"15":{"start":{"line":33,"column":2},"end":{"line":35,"column":3}},"16":{"start":{"line":34,"column":4},"end":{"line":34,"column":88}},"17":{"start":{"line":37,"column":15},"end":{"line":42,"column":4}},"18":{"start":{"line":44,"column":2},"end":{"line":54,"column":3}},"19":{"start":{"line":45,"column":4},"end":{"line":53,"column":6}},"20":{"start":{"line":57,"column":0},"end":{"line":77,"column":2}},"21":{"start":{"line":58,"column":17},"end":{"line":58,"column":28}},"22":{"start":{"line":59,"column":2},"end":{"line":76,"column":3}},"23":{"start":{"line":60,"column":22},"end":{"line":60,"column":49}},"24":{"start":{"line":61,"column":4},"end":{"line":61,"column":42}},"25":{"start":{"line":63,"column":4},"end":{"line":71,"column":6}},"26":{"start":{"line":73,"column":4},"end":{"line":73,"column":68}},"27":{"start":{"line":74,"column":4},"end":{"line":74,"column":78}},"28":{"start":{"line":75,"column":4},"end":{"line":75,"column":16}},"29":{"start":{"line":80,"column":0},"end":{"line":95,"column":2}},"30":{"start":{"line":81,"column":17},"end":{"line":81,"column":28}},"31":{"start":{"line":82,"column":2},"end":{"line":94,"column":3}},"32":{"start":{"line":83,"column":25},"end":{"line":87,"column":5}},"33":{"start":{"line":88,"column":4},"end":{"line":88,"column":63}},"34":{"start":{"line":89,"column":4},"end":{"line":89,"column":73}},"35":{"start":{"line":90,"column":4},"end":{"line":90,"column":93}},"36":{"start":{"line":92,"column":4},"end":{"line":92,"column":72}},"37":{"start":{"line":93,"column":4},"end":{"line":93,"column":16}},"38":{"start":{"line":98,"column":0},"end":{"line":108,"column":2}},"39":{"start":{"line":99,"column":17},"end":{"line":99,"column":28}},"40":{"start":{"line":100,"column":2},"end":{"line":107,"column":3}},"41":{"start":{"line":101,"column":4},"end":{"line":101,"column":41}},"42":{"start":{"line":102,"column":4},"end":{"line":102,"column":60}},"43":{"start":{"line":103,"column":4},"end":{"line":103,"column":88}},"44":{"start":{"line":105,"column":4},"end":{"line":105,"column":66}},"45":{"start":{"line":106,"column":4},"end":{"line":106,"column":16}}},"fnMap":{"0":{"name":"(anonymous_0)","decl":{"start":{"line":8,"column":29},"end":{"line":8,"column":30}},"loc":{"start":{"line":8,"column":49},"end":{"line":26,"column":1}},"line":8},"1":{"name":"(anonymous_1)","decl":{"start":{"line":28,"column":32},"end":{"line":28,"column":33}},"loc":{"start":{"line":28,"column":52},"end":{"line":55,"column":1}},"line":28},"2":{"name":"(anonymous_2)","decl":{"start":{"line":57,"column":18},"end":{"line":57,"column":19}},"loc":{"start":{"line":57,"column":44},"end":{"line":77,"column":1}},"line":57},"3":{"name":"(anonymous_3)","decl":{"start":{"line":80,"column":21},"end":{"line":80,"column":22}},"loc":{"start":{"line":80,"column":47},"end":{"line":95,"column":1}},"line":80},"4":{"name":"(anonymous_4)","decl":{"start":{"line":98,"column":21},"end":{"line":98,"column":22}},"loc":{"start":{"line":98,"column":47},"end":{"line":108,"column":1}},"line":98}},"branchMap":{"0":{"loc":{"start":{"line":13,"column":2},"end":{"line":25,"column":3}},"type":"if","locations":[{"start":{"line":13,"column":2},"end":{"line":25,"column":3}},{"start":{"line":23,"column":9},"end":{"line":25,"column":3}}],"line":13},"1":{"loc":{"start":{"line":13,"column":6},"end":{"line":13,"column":52}},"type":"binary-expr","locations":[{"start":{"line":13,"column":6},"end":{"line":13,"column":10}},{"start":{"line":13,"column":15},"end":{"line":13,"column":51}}],"line":13},"2":{"loc":{"start":{"line":33,"column":2},"end":{"line":35,"column":3}},"type":"if","locations":[{"start":{"line":33,"column":2},"end":{"line":35,"column":3}},{"start":{},"end":{}}],"line":33},"3":{"loc":{"start":{"line":44,"column":2},"end":{"line":54,"column":3}},"type":"if","locations":[{"start":{"line":44,"column":2},"end":{"line":54,"column":3}},{"start":{},"end":{}}],"line":44}},"s":{"0":4,"1":4,"2":4,"3":4,"4":4,"5":4,"6":4,"7":7,"8":7,"9":7,"10":6,"11":1,"12":4,"13":2,"14":2,"15":2,"16":1,"17":2,"18":1,"19":1,"20":4,"21":1,"22":1,"23":1,"24":1,"25":1,"26":0,"27":0,"28":0,"29":4,"30":1,"31":1,"32":1,"33":1,"34":1,"35":1,"36":0,"37":0,"38":4,"39":1,"40":1,"41":1,"42":1,"43":1,"44":0,"45":0},"f":{"0":7,"1":2,"2":1,"3":1,"4":1},"b":{"0":[6,1],"1":[7,7],"2":[1,1],"3":[1,0]},"_coverageSchema":"1a1c01bbd47fc00a2c39e90264f33305004495a9","hash":"e371910833092bcebbb08c0ccd688470b60d1721"}
,"C:\\Liliya\\Courses\\Seneca_CPA\\Term 6\\PRJ666\\BookShelf.io\\backend\\src\\middlewares\\authUser.js": {"path":"C:\\Liliya\\Courses\\Seneca_CPA\\Term 6\\PRJ666\\BookShelf.io\\backend\\src\\middlewares\\authUser.js","statementMap":{"0":{"start":{"line":1,"column":12},"end":{"line":1,"column":35}},"1":{"start":{"line":2,"column":13},"end":{"line":2,"column":38}},"2":{"start":{"line":3,"column":21},"end":{"line":3,"column":53}},"3":{"start":{"line":4,"column":32},"end":{"line":4,"column":57}},"4":{"start":{"line":5,"column":15},"end":{"line":5,"column":35}},"5":{"start":{"line":7,"column":0},"end":{"line":40,"column":3}},"6":{"start":{"line":10,"column":2},"end":{"line":12,"column":3}},"7":{"start":{"line":11,"column":4},"end":{"line":11,"column":52}},"8":{"start":{"line":14,"column":2},"end":{"line":17,"column":3}},"9":{"start":{"line":15,"column":4},"end":{"line":15,"column":20}},"10":{"start":{"line":16,"column":4},"end":{"line":16,"column":48}},"11":{"start":{"line":19,"column":2},"end":{"line":39,"column":3}},"12":{"start":{"line":20,"column":4},"end":{"line":20,"column":29}},"13":{"start":{"line":21,"column":4},"end":{"line":38,"column":5}},"14":{"start":{"line":22,"column":22},"end":{"line":22,"column":63}},"15":{"start":{"line":23,"column":6},"end":{"line":23,"column":27}},"16":{"start":{"line":25,"column":24},"end":{"line":25,"column":75}},"17":{"start":{"line":26,"column":6},"end":{"line":31,"column":7}},"18":{"start":{"line":27,"column":8},"end":{"line":27,"column":73}},"19":{"start":{"line":28,"column":8},"end":{"line":28,"column":95}},"20":{"start":{"line":30,"column":8},"end":{"line":30,"column":29}},"21":{"start":{"line":33,"column":6},"end":{"line":33,"column":13}},"22":{"start":{"line":35,"column":6},"end":{"line":35,"column":23}},"23":{"start":{"line":36,"column":6},"end":{"line":36,"column":22}},"24":{"start":{"line":37,"column":6},"end":{"line":37,"column":54}}},"fnMap":{"0":{"name":"(anonymous_0)","decl":{"start":{"line":7,"column":31},"end":{"line":7,"column":32}},"loc":{"start":{"line":7,"column":57},"end":{"line":40,"column":1}},"line":7}},"branchMap":{"0":{"loc":{"start":{"line":10,"column":2},"end":{"line":12,"column":3}},"type":"if","locations":[{"start":{"line":10,"column":2},"end":{"line":12,"column":3}},{"start":{},"end":{}}],"line":10},"1":{"loc":{"start":{"line":10,"column":6},"end":{"line":10,"column":81}},"type":"binary-expr","locations":[{"start":{"line":10,"column":6},"end":{"line":10,"column":31}},{"start":{"line":10,"column":35},"end":{"line":10,"column":81}}],"line":10},"2":{"loc":{"start":{"line":14,"column":2},"end":{"line":17,"column":3}},"type":"if","locations":[{"start":{"line":14,"column":2},"end":{"line":17,"column":3}},{"start":{},"end":{}}],"line":14},"3":{"loc":{"start":{"line":19,"column":2},"end":{"line":39,"column":3}},"type":"if","locations":[{"start":{"line":19,"column":2},"end":{"line":39,"column":3}},{"start":{},"end":{}}],"line":19},"4":{"loc":{"start":{"line":19,"column":6},"end":{"line":19,"column":81}},"type":"binary-expr","locations":[{"start":{"line":19,"column":6},"end":{"line":19,"column":31}},{"start":{"line":19,"column":35},"end":{"line":19,"column":81}}],"line":19},"5":{"loc":{"start":{"line":26,"column":6},"end":{"line":31,"column":7}},"type":"if","locations":[{"start":{"line":26,"column":6},"end":{"line":31,"column":7}},{"start":{"line":29,"column":13},"end":{"line":31,"column":7}}],"line":26}},"s":{"0":4,"1":4,"2":4,"3":4,"4":4,"5":4,"6":6,"7":5,"8":6,"9":1,"10":1,"11":5,"12":5,"13":5,"14":5,"15":5,"16":5,"17":5,"18":0,"19":0,"20":5,"21":5,"22":0,"23":0,"24":0},"f":{"0":6},"b":{"0":[5,1],"1":[6,5],"2":[1,5],"3":[5,0],"4":[5,5],"5":[0,5]},"_coverageSchema":"1a1c01bbd47fc00a2c39e90264f33305004495a9","hash":"34a500375dc9b62a85305560dc7436649f39f47d"}
,"C:\\Liliya\\Courses\\Seneca_CPA\\Term 6\\PRJ666\\BookShelf.io\\backend\\src\\middlewares\\errorMiddleware.js": {"path":"C:\\Liliya\\Courses\\Seneca_CPA\\Term 6\\PRJ666\\BookShelf.io\\backend\\src\\middlewares\\errorMiddleware.js","statementMap":{"0":{"start":{"line":1,"column":15},"end":{"line":1,"column":35}},"1":{"start":{"line":3,"column":0},"end":{"line":7,"column":2}},"2":{"start":{"line":4,"column":16},"end":{"line":4,"column":59}},"3":{"start":{"line":5,"column":2},"end":{"line":5,"column":18}},"4":{"start":{"line":6,"column":2},"end":{"line":6,"column":14}},"5":{"start":{"line":9,"column":0},"end":{"line":21,"column":2}},"6":{"start":{"line":10,"column":21},"end":{"line":10,"column":66}},"7":{"start":{"line":12,"column":2},"end":{"line":14,"column":3}},"8":{"start":{"line":13,"column":4},"end":{"line":13,"column":54}},"9":{"start":{"line":16,"column":2},"end":{"line":16,"column":25}},"10":{"start":{"line":17,"column":2},"end":{"line":20,"column":5}}},"fnMap":{"0":{"name":"(anonymous_0)","decl":{"start":{"line":3,"column":26},"end":{"line":3,"column":27}},"loc":{"start":{"line":3,"column":46},"end":{"line":7,"column":1}},"line":3},"1":{"name":"(anonymous_1)","decl":{"start":{"line":9,"column":30},"end":{"line":9,"column":31}},"loc":{"start":{"line":9,"column":55},"end":{"line":21,"column":1}},"line":9}},"branchMap":{"0":{"loc":{"start":{"line":10,"column":21},"end":{"line":10,"column":66}},"type":"cond-expr","locations":[{"start":{"line":10,"column":46},"end":{"line":10,"column":49}},{"start":{"line":10,"column":52},"end":{"line":10,"column":66}}],"line":10},"1":{"loc":{"start":{"line":12,"column":2},"end":{"line":14,"column":3}},"type":"if","locations":[{"start":{"line":12,"column":2},"end":{"line":14,"column":3}},{"start":{},"end":{}}],"line":12},"2":{"loc":{"start":{"line":19,"column":11},"end":{"line":19,"column":67}},"type":"cond-expr","locations":[{"start":{"line":19,"column":51},"end":{"line":19,"column":55}},{"start":{"line":19,"column":58},"end":{"line":19,"column":67}}],"line":19}},"s":{"0":4,"1":4,"2":0,"3":0,"4":0,"5":4,"6":2,"7":2,"8":0,"9":2,"10":2},"f":{"0":0,"1":2},"b":{"0":[0,2],"1":[0,2],"2":[0,2]},"_coverageSchema":"1a1c01bbd47fc00a2c39e90264f33305004495a9","hash":"b46747c589fb3dceb047f5607d45b196de5c6e55"}
,"C:\\Liliya\\Courses\\Seneca_CPA\\Term 6\\PRJ666\\BookShelf.io\\backend\\src\\models\\address.js": {"path":"C:\\Liliya\\Courses\\Seneca_CPA\\Term 6\\PRJ666\\BookShelf.io\\backend\\src\\models\\address.js","statementMap":{"0":{"start":{"line":1,"column":17},"end":{"line":1,"column":36}},"1":{"start":{"line":3,"column":22},"end":{"line":28,"column":2}},"2":{"start":{"line":30,"column":16},"end":{"line":30,"column":56}},"3":{"start":{"line":32,"column":0},"end":{"line":32,"column":25}}},"fnMap":{},"branchMap":{},"s":{"0":4,"1":4,"2":4,"3":4},"f":{},"b":{},"_coverageSchema":"1a1c01bbd47fc00a2c39e90264f33305004495a9","hash":"c5c6e9189e91ee2060573ddcd173c02782d0f490"}
,"C:\\Liliya\\Courses\\Seneca_CPA\\Term 6\\PRJ666\\BookShelf.io\\backend\\src\\models\\book.js": {"path":"C:\\Liliya\\Courses\\Seneca_CPA\\Term 6\\PRJ666\\BookShelf.io\\backend\\src\\models\\book.js","statementMap":{"0":{"start":{"line":1,"column":17},"end":{"line":1,"column":36}},"1":{"start":{"line":3,"column":19},"end":{"line":32,"column":2}},"2":{"start":{"line":34,"column":13},"end":{"line":34,"column":47}},"3":{"start":{"line":36,"column":0},"end":{"line":36,"column":22}}},"fnMap":{},"branchMap":{},"s":{"0":4,"1":4,"2":4,"3":4},"f":{},"b":{},"_coverageSchema":"1a1c01bbd47fc00a2c39e90264f33305004495a9","hash":"4b2070376f96d39554f1305e676a22a9fb8162e3"}
,"C:\\Liliya\\Courses\\Seneca_CPA\\Term 6\\PRJ666\\BookShelf.io\\backend\\src\\models\\order.js": {"path":"C:\\Liliya\\Courses\\Seneca_CPA\\Term 6\\PRJ666\\BookShelf.io\\backend\\src\\models\\order.js","statementMap":{"0":{"start":{"line":1,"column":17},"end":{"line":1,"column":36}},"1":{"start":{"line":3,"column":20},"end":{"line":15,"column":1}},"2":{"start":{"line":17,"column":14},"end":{"line":17,"column":50}},"3":{"start":{"line":19,"column":0},"end":{"line":19,"column":23}}},"fnMap":{},"branchMap":{},"s":{"0":4,"1":4,"2":4,"3":4},"f":{},"b":{},"_coverageSchema":"1a1c01bbd47fc00a2c39e90264f33305004495a9","hash":"c065f42a56914cc210fbe2e51b68f57800e8eaec"}
,"C:\\Liliya\\Courses\\Seneca_CPA\\Term 6\\PRJ666\\BookShelf.io\\backend\\src\\models\\user.js": {"path":"C:\\Liliya\\Courses\\Seneca_CPA\\Term 6\\PRJ666\\BookShelf.io\\backend\\src\\models\\user.js","statementMap":{"0":{"start":{"line":1,"column":17},"end":{"line":1,"column":36}},"1":{"start":{"line":2,"column":18},"end":{"line":2,"column":38}},"2":{"start":{"line":3,"column":15},"end":{"line":3,"column":34}},"3":{"start":{"line":5,"column":19},"end":{"line":41,"column":1}},"4":{"start":{"line":43,"column":0},"end":{"line":45,"column":2}},"5":{"start":{"line":44,"column":2},"end":{"line":44,"column":62}},"6":{"start":{"line":47,"column":0},"end":{"line":54,"column":3}},"7":{"start":{"line":48,"column":2},"end":{"line":50,"column":3}},"8":{"start":{"line":49,"column":4},"end":{"line":49,"column":11}},"9":{"start":{"line":52,"column":15},"end":{"line":52,"column":39}},"10":{"start":{"line":53,"column":2},"end":{"line":53,"column":57}},"11":{"start":{"line":56,"column":13},"end":{"line":56,"column":47}},"12":{"start":{"line":58,"column":0},"end":{"line":58,"column":22}}},"fnMap":{"0":{"name":"(anonymous_0)","decl":{"start":{"line":43,"column":37},"end":{"line":43,"column":38}},"loc":{"start":{"line":43,"column":70},"end":{"line":45,"column":1}},"line":43},"1":{"name":"(anonymous_1)","decl":{"start":{"line":47,"column":23},"end":{"line":47,"column":24}},"loc":{"start":{"line":47,"column":45},"end":{"line":54,"column":1}},"line":47}},"branchMap":{"0":{"loc":{"start":{"line":48,"column":2},"end":{"line":50,"column":3}},"type":"if","locations":[{"start":{"line":48,"column":2},"end":{"line":50,"column":3}},{"start":{},"end":{}}],"line":48}},"s":{"0":4,"1":4,"2":4,"3":4,"4":4,"5":7,"6":4,"7":11,"8":1,"9":11,"10":11,"11":4,"12":4},"f":{"0":7,"1":11},"b":{"0":[1,10]},"_coverageSchema":"1a1c01bbd47fc00a2c39e90264f33305004495a9","hash":"ff5cdf04384ff5032239fb8d25fb49f315564b1d"}
,"C:\\Liliya\\Courses\\Seneca_CPA\\Term 6\\PRJ666\\BookShelf.io\\backend\\src\\routes\\health.js": {"path":"C:\\Liliya\\Courses\\Seneca_CPA\\Term 6\\PRJ666\\BookShelf.io\\backend\\src\\routes\\health.js","statementMap":{"0":{"start":{"line":1,"column":16},"end":{"line":1,"column":34}},"1":{"start":{"line":2,"column":21},"end":{"line":2,"column":34}},"2":{"start":{"line":3,"column":34},"end":{"line":3,"column":56}},"3":{"start":{"line":4,"column":15},"end":{"line":4,"column":31}},"4":{"start":{"line":6,"column":41},"end":{"line":6,"column":70}},"5":{"start":{"line":7,"column":15},"end":{"line":7,"column":35}},"6":{"start":{"line":9,"column":0},"end":{"line":21,"column":3}},"7":{"start":{"line":11,"column":2},"end":{"line":11,"column":45}},"8":{"start":{"line":12,"column":2},"end":{"line":19,"column":4}},"9":{"start":{"line":20,"column":2},"end":{"line":20,"column":39}},"10":{"start":{"line":23,"column":0},"end":{"line":23,"column":24}}},"fnMap":{"0":{"name":"(anonymous_0)","decl":{"start":{"line":9,"column":16},"end":{"line":9,"column":17}},"loc":{"start":{"line":9,"column":30},"end":{"line":21,"column":1}},"line":9}},"branchMap":{},"s":{"0":4,"1":4,"2":4,"3":4,"4":4,"5":4,"6":4,"7":3,"8":3,"9":3,"10":4},"f":{"0":3},"b":{},"_coverageSchema":"1a1c01bbd47fc00a2c39e90264f33305004495a9","hash":"aff9d6631efff03b864a17b8c3b89b4f531a7a2d"}
,"C:\\Liliya\\Courses\\Seneca_CPA\\Term 6\\PRJ666\\BookShelf.io\\backend\\src\\routes\\productRoutes.js": {"path":"C:\\Liliya\\Courses\\Seneca_CPA\\Term 6\\PRJ666\\BookShelf.io\\backend\\src\\routes\\productRoutes.js","statementMap":{"0":{"start":{"line":1,"column":16},"end":{"line":1,"column":34}},"1":{"start":{"line":2,"column":15},"end":{"line":2,"column":31}},"2":{"start":{"line":3,"column":23},"end":{"line":3,"column":63}},"3":{"start":{"line":4,"column":20},"end":{"line":4,"column":54}},"4":{"start":{"line":7,"column":15},"end":{"line":7,"column":32}},"5":{"start":{"line":8,"column":16},"end":{"line":8,"column":38}},"6":{"start":{"line":9,"column":15},"end":{"line":9,"column":34}},"7":{"start":{"line":11,"column":0},"end":{"line":11,"column":77}},"8":{"start":{"line":13,"column":0},"end":{"line":13,"column":46}},"9":{"start":{"line":15,"column":0},"end":{"line":15,"column":45}},"10":{"start":{"line":17,"column":0},"end":{"line":17,"column":80}},"11":{"start":{"line":19,"column":0},"end":{"line":19,"column":59}},"12":{"start":{"line":21,"column":0},"end":{"line":21,"column":51}},"13":{"start":{"line":22,"column":0},"end":{"line":22,"column":63}},"14":{"start":{"line":24,"column":0},"end":{"line":24,"column":24}}},"fnMap":{},"branchMap":{},"s":{"0":4,"1":4,"2":4,"3":4,"4":4,"5":4,"6":4,"7":4,"8":4,"9":4,"10":4,"11":4,"12":4,"13":4,"14":4},"f":{},"b":{},"_coverageSchema":"1a1c01bbd47fc00a2c39e90264f33305004495a9","hash":"77660f7181f4a61f7da9732be7f59b67a5a81fd9"}
,"C:\\Liliya\\Courses\\Seneca_CPA\\Term 6\\PRJ666\\BookShelf.io\\backend\\src\\routes\\userRoutes.js": {"path":"C:\\Liliya\\Courses\\Seneca_CPA\\Term 6\\PRJ666\\BookShelf.io\\backend\\src\\routes\\userRoutes.js","statementMap":{"0":{"start":{"line":1,"column":16},"end":{"line":1,"column":34}},"1":{"start":{"line":2,"column":15},"end":{"line":2,"column":31}},"2":{"start":{"line":3,"column":23},"end":{"line":3,"column":63}},"3":{"start":{"line":4,"column":26},"end":{"line":4,"column":69}},"4":{"start":{"line":5,"column":24},"end":{"line":5,"column":65}},"5":{"start":{"line":6,"column":20},"end":{"line":6,"column":54}},"6":{"start":{"line":8,"column":0},"end":{"line":8,"column":50}},"7":{"start":{"line":10,"column":0},"end":{"line":10,"column":44}},"8":{"start":{"line":12,"column":0},"end":{"line":12,"column":53}},"9":{"start":{"line":14,"column":0},"end":{"line":14,"column":56}},"10":{"start":{"line":16,"column":0},"end":{"line":16,"column":59}},"11":{"start":{"line":18,"column":0},"end":{"line":18,"column":68}},"12":{"start":{"line":20,"column":0},"end":{"line":20,"column":67}},"13":{"start":{"line":22,"column":0},"end":{"line":22,"column":70}},"14":{"start":{"line":24,"column":0},"end":{"line":24,"column":73}},"15":{"start":{"line":26,"column":0},"end":{"line":26,"column":65}},"16":{"start":{"line":28,"column":0},"end":{"line":28,"column":63}},"17":{"start":{"line":30,"column":0},"end":{"line":30,"column":24}}},"fnMap":{},"branchMap":{},"s":{"0":4,"1":4,"2":4,"3":4,"4":4,"5":4,"6":4,"7":4,"8":4,"9":4,"10":4,"11":4,"12":4,"13":4,"14":4,"15":4,"16":4,"17":4},"f":{},"b":{},"_coverageSchema":"1a1c01bbd47fc00a2c39e90264f33305004495a9","hash":"e9e79c4a9e70f932ab2cd21a878ded90f5e2d9f3"}
,"C:\\Liliya\\Courses\\Seneca_CPA\\Term 6\\PRJ666\\BookShelf.io\\backend\\src\\utils\\generateToken.js": {"path":"C:\\Liliya\\Courses\\Seneca_CPA\\Term 6\\PRJ666\\BookShelf.io\\backend\\src\\utils\\generateToken.js","statementMap":{"0":{"start":{"line":1,"column":12},"end":{"line":1,"column":35}},"1":{"start":{"line":3,"column":0},"end":{"line":7,"column":2}},"2":{"start":{"line":4,"column":2},"end":{"line":6,"column":5}}},"fnMap":{"0":{"name":"(anonymous_0)","decl":{"start":{"line":3,"column":24},"end":{"line":3,"column":25}},"loc":{"start":{"line":3,"column":32},"end":{"line":7,"column":1}},"line":3}},"branchMap":{},"s":{"0":4,"1":4,"2":7},"f":{"0":7},"b":{},"_coverageSchema":"1a1c01bbd47fc00a2c39e90264f33305004495a9","hash":"6a73544e6cdb510ce316a2f8d352a3511e35f221"}
}
