{"C:\\Liliya\\Courses\\Seneca_CPA\\Term 6\\PRJ666\\BookShelf.io\\backend\\src\\app.js": {"path":"C:\\Liliya\\Courses\\Seneca_CPA\\Term 6\\PRJ666\\BookShelf.io\\backend\\src\\app.js","statementMap":{"0":{"start":{"line":1,"column":16},"end":{"line":1,"column":34}},"1":{"start":{"line":2,"column":12},"end":{"line":2,"column":21}},"2":{"start":{"line":3,"column":20},"end":{"line":3,"column":46}},"3":{"start":{"line":4,"column":22},"end":{"line":4,"column":55}},"4":{"start":{"line":5,"column":19},"end":{"line":5,"column":49}},"5":{"start":{"line":6,"column":35},"end":{"line":6,"column":78}},"6":{"start":{"line":7,"column":19},"end":{"line":7,"column":41}},"7":{"start":{"line":8,"column":13},"end":{"line":8,"column":28}},"8":{"start":{"line":11,"column":15},"end":{"line":11,"column":34}},"9":{"start":{"line":12,"column":13},"end":{"line":12,"column":45}},"10":{"start":{"line":15,"column":0},"end":{"line":15,"column":24}},"11":{"start":{"line":16,"column":0},"end":{"line":16,"column":27}},"12":{"start":{"line":17,"column":0},"end":{"line":17,"column":14}},"13":{"start":{"line":18,"column":0},"end":{"line":18,"column":16}},"14":{"start":{"line":21,"column":0},"end":{"line":21,"column":51}},"15":{"start":{"line":22,"column":0},"end":{"line":22,"column":27}},"16":{"start":{"line":25,"column":0},"end":{"line":25,"column":26}},"17":{"start":{"line":26,"column":0},"end":{"line":26,"column":40}},"18":{"start":{"line":27,"column":0},"end":{"line":27,"column":34}},"19":{"start":{"line":29,"column":0},"end":{"line":29,"column":18}},"20":{"start":{"line":30,"column":0},"end":{"line":30,"column":22}},"21":{"start":{"line":32,"column":0},"end":{"line":32,"column":21}}},"fnMap":{},"branchMap":{},"s":{"0":6,"1":6,"2":6,"3":6,"4":6,"5":6,"6":6,"7":6,"8":6,"9":6,"10":6,"11":6,"12":6,"13":6,"14":6,"15":6,"16":6,"17":6,"18":6,"19":6,"20":6,"21":6},"f":{},"b":{},"_coverageSchema":"1a1c01bbd47fc00a2c39e90264f33305004495a9","hash":"f76d0eddbe32f63dd6310109442021400e733340"}
,"C:\\Liliya\\Courses\\Seneca_CPA\\Term 6\\PRJ666\\BookShelf.io\\backend\\src\\logger.js": {"path":"C:\\Liliya\\Courses\\Seneca_CPA\\Term 6\\PRJ666\\BookShelf.io\\backend\\src\\logger.js","statementMap":{"0":{"start":{"line":2,"column":16},"end":{"line":10,"column":1}},"1":{"start":{"line":12,"column":0},"end":{"line":12,"column":42}}},"fnMap":{},"branchMap":{"0":{"loc":{"start":{"line":3,"column":9},"end":{"line":3,"column":41}},"type":"binary-expr","locations":[{"start":{"line":3,"column":9},"end":{"line":3,"column":30}},{"start":{"line":3,"column":34},"end":{"line":3,"column":41}}],"line":3}},"s":{"0":6,"1":6},"f":{},"b":{"0":[6,0]},"_coverageSchema":"1a1c01bbd47fc00a2c39e90264f33305004495a9","hash":"7fcc0505b35ba30ce0ddf9473cf422d8841511d8"}
,"C:\\Liliya\\Courses\\Seneca_CPA\\Term 6\\PRJ666\\BookShelf.io\\backend\\src\\response.js": {"path":"C:\\Liliya\\Courses\\Seneca_CPA\\Term 6\\PRJ666\\BookShelf.io\\backend\\src\\response.js","statementMap":{"0":{"start":{"line":1,"column":0},"end":{"line":6,"column":2}},"1":{"start":{"line":2,"column":2},"end":{"line":5,"column":4}},"2":{"start":{"line":8,"column":0},"end":{"line":16,"column":2}},"3":{"start":{"line":9,"column":2},"end":{"line":15,"column":4}}},"fnMap":{"0":{"name":"(anonymous_0)","decl":{"start":{"line":1,"column":39},"end":{"line":1,"column":40}},"loc":{"start":{"line":1,"column":49},"end":{"line":6,"column":1}},"line":1},"1":{"name":"(anonymous_1)","decl":{"start":{"line":8,"column":37},"end":{"line":8,"column":38}},"loc":{"start":{"line":8,"column":56},"end":{"line":16,"column":1}},"line":8}},"branchMap":{},"s":{"0":6,"1":26,"2":6,"3":2},"f":{"0":26,"1":2},"b":{},"_coverageSchema":"1a1c01bbd47fc00a2c39e90264f33305004495a9","hash":"639859a10150793af010904ba593137347053613"}
,"C:\\Liliya\\Courses\\Seneca_CPA\\Term 6\\PRJ666\\BookShelf.io\\backend\\src\\aws\\index.js": {"path":"C:\\Liliya\\Courses\\Seneca_CPA\\Term 6\\PRJ666\\BookShelf.io\\backend\\src\\aws\\index.js","statementMap":{"0":{"start":{"line":1,"column":21},"end":{"line":1,"column":50}},"1":{"start":{"line":2,"column":68},"end":{"line":2,"column":97}},"2":{"start":{"line":3,"column":15},"end":{"line":3,"column":35}},"3":{"start":{"line":7,"column":17},"end":{"line":11,"column":3}},"4":{"start":{"line":14,"column":18},"end":{"line":14,"column":46}},"5":{"start":{"line":16,"column":2},"end":{"line":30,"column":3}},"6":{"start":{"line":17,"column":21},"end":{"line":24,"column":6}},"7":{"start":{"line":25,"column":4},"end":{"line":25,"column":33}},"8":{"start":{"line":27,"column":28},"end":{"line":27,"column":34}},"9":{"start":{"line":28,"column":4},"end":{"line":28,"column":75}},"10":{"start":{"line":29,"column":4},"end":{"line":29,"column":46}},"11":{"start":{"line":34,"column":17},"end":{"line":37,"column":3}},"12":{"start":{"line":39,"column":18},"end":{"line":39,"column":46}},"13":{"start":{"line":41,"column":2},"end":{"line":56,"column":3}},"14":{"start":{"line":42,"column":21},"end":{"line":49,"column":6}},"15":{"start":{"line":50,"column":17},"end":{"line":50,"column":45}},"16":{"start":{"line":51,"column":4},"end":{"line":51,"column":37}},"17":{"start":{"line":53,"column":28},"end":{"line":53,"column":34}},"18":{"start":{"line":54,"column":4},"end":{"line":54,"column":77}},"19":{"start":{"line":55,"column":4},"end":{"line":55,"column":49}},"20":{"start":{"line":61,"column":17},"end":{"line":64,"column":3}},"21":{"start":{"line":66,"column":18},"end":{"line":66,"column":49}},"22":{"start":{"line":68,"column":2},"end":{"line":82,"column":3}},"23":{"start":{"line":69,"column":21},"end":{"line":76,"column":6}},"24":{"start":{"line":77,"column":4},"end":{"line":77,"column":33}},"25":{"start":{"line":79,"column":28},"end":{"line":79,"column":34}},"26":{"start":{"line":80,"column":4},"end":{"line":80,"column":76}},"27":{"start":{"line":81,"column":4},"end":{"line":81,"column":53}},"28":{"start":{"line":85,"column":0},"end":{"line":85,"column":37}},"29":{"start":{"line":86,"column":0},"end":{"line":86,"column":35}},"30":{"start":{"line":87,"column":0},"end":{"line":87,"column":41}}},"fnMap":{"0":{"name":"saveImage","decl":{"start":{"line":6,"column":15},"end":{"line":6,"column":24}},"loc":{"start":{"line":6,"column":39},"end":{"line":31,"column":1}},"line":6},"1":{"name":"getImage","decl":{"start":{"line":33,"column":15},"end":{"line":33,"column":23}},"loc":{"start":{"line":33,"column":32},"end":{"line":57,"column":1}},"line":33},"2":{"name":"deleteImage","decl":{"start":{"line":60,"column":15},"end":{"line":60,"column":26}},"loc":{"start":{"line":60,"column":35},"end":{"line":83,"column":1}},"line":60}},"branchMap":{},"s":{"0":6,"1":6,"2":6,"3":2,"4":2,"5":2,"6":2,"7":2,"8":0,"9":0,"10":0,"11":0,"12":0,"13":0,"14":0,"15":0,"16":0,"17":0,"18":0,"19":0,"20":2,"21":2,"22":2,"23":2,"24":2,"25":0,"26":0,"27":0,"28":6,"29":6,"30":6},"f":{"0":2,"1":0,"2":2},"b":{},"_coverageSchema":"1a1c01bbd47fc00a2c39e90264f33305004495a9","hash":"decf946ff81f92378ba50dcba6959f0ba1ba0c6d"}
,"C:\\Liliya\\Courses\\Seneca_CPA\\Term 6\\PRJ666\\BookShelf.io\\backend\\src\\controllers\\addressController.js": {"path":"C:\\Liliya\\Courses\\Seneca_CPA\\Term 6\\PRJ666\\BookShelf.io\\backend\\src\\controllers\\addressController.js","statementMap":{"0":{"start":{"line":1,"column":16},"end":{"line":1,"column":44}},"1":{"start":{"line":2,"column":13},"end":{"line":2,"column":38}},"2":{"start":{"line":3,"column":55},"end":{"line":3,"column":80}},"3":{"start":{"line":4,"column":15},"end":{"line":4,"column":35}},"4":{"start":{"line":5,"column":17},"end":{"line":5,"column":36}},"5":{"start":{"line":9,"column":0},"end":{"line":32,"column":2}},"6":{"start":{"line":10,"column":17},"end":{"line":10,"column":28}},"7":{"start":{"line":12,"column":18},"end":{"line":19,"column":4}},"8":{"start":{"line":21,"column":2},"end":{"line":31,"column":3}},"9":{"start":{"line":22,"column":23},"end":{"line":22,"column":43}},"10":{"start":{"line":23,"column":4},"end":{"line":23,"column":80}},"11":{"start":{"line":24,"column":4},"end":{"line":24,"column":50}},"12":{"start":{"line":25,"column":4},"end":{"line":25,"column":54}},"13":{"start":{"line":26,"column":4},"end":{"line":26,"column":94}},"14":{"start":{"line":28,"column":16},"end":{"line":28,"column":29}},"15":{"start":{"line":29,"column":4},"end":{"line":29,"column":53}},"16":{"start":{"line":30,"column":4},"end":{"line":30,"column":78}},"17":{"start":{"line":35,"column":0},"end":{"line":52,"column":2}},"18":{"start":{"line":36,"column":24},"end":{"line":36,"column":42}},"19":{"start":{"line":38,"column":2},"end":{"line":51,"column":3}},"20":{"start":{"line":39,"column":4},"end":{"line":47,"column":5}},"21":{"start":{"line":40,"column":6},"end":{"line":40,"column":92}},"22":{"start":{"line":42,"column":24},"end":{"line":42,"column":61}},"23":{"start":{"line":43,"column":6},"end":{"line":43,"column":54}},"24":{"start":{"line":44,"column":6},"end":{"line":46,"column":88}},"25":{"start":{"line":49,"column":4},"end":{"line":49,"column":67}},"26":{"start":{"line":50,"column":4},"end":{"line":50,"column":16}},"27":{"start":{"line":55,"column":0},"end":{"line":78,"column":2}},"28":{"start":{"line":56,"column":24},"end":{"line":56,"column":42}},"29":{"start":{"line":57,"column":2},"end":{"line":77,"column":3}},"30":{"start":{"line":58,"column":4},"end":{"line":73,"column":5}},"31":{"start":{"line":59,"column":6},"end":{"line":59,"column":92}},"32":{"start":{"line":61,"column":27},"end":{"line":68,"column":7}},"33":{"start":{"line":70,"column":6},"end":{"line":70,"column":75}},"34":{"start":{"line":71,"column":6},"end":{"line":71,"column":76}},"35":{"start":{"line":72,"column":6},"end":{"line":72,"column":100}},"36":{"start":{"line":75,"column":4},"end":{"line":75,"column":71}},"37":{"start":{"line":76,"column":4},"end":{"line":76,"column":16}},"38":{"start":{"line":81,"column":0},"end":{"line":99,"column":2}},"39":{"start":{"line":82,"column":24},"end":{"line":82,"column":42}},"40":{"start":{"line":83,"column":17},"end":{"line":83,"column":28}},"41":{"start":{"line":84,"column":2},"end":{"line":98,"column":3}},"42":{"start":{"line":85,"column":4},"end":{"line":94,"column":5}},"43":{"start":{"line":86,"column":6},"end":{"line":86,"column":92}},"44":{"start":{"line":88,"column":6},"end":{"line":88,"column":53}},"45":{"start":{"line":89,"column":6},"end":{"line":89,"column":73}},"46":{"start":{"line":90,"column":6},"end":{"line":90,"column":72}},"47":{"start":{"line":91,"column":6},"end":{"line":93,"column":92}},"48":{"start":{"line":96,"column":4},"end":{"line":96,"column":76}},"49":{"start":{"line":97,"column":4},"end":{"line":97,"column":16}}},"fnMap":{"0":{"name":"(anonymous_0)","decl":{"start":{"line":9,"column":21},"end":{"line":9,"column":22}},"loc":{"start":{"line":9,"column":41},"end":{"line":32,"column":1}},"line":9},"1":{"name":"(anonymous_1)","decl":{"start":{"line":35,"column":21},"end":{"line":35,"column":22}},"loc":{"start":{"line":35,"column":47},"end":{"line":52,"column":1}},"line":35},"2":{"name":"(anonymous_2)","decl":{"start":{"line":55,"column":24},"end":{"line":55,"column":25}},"loc":{"start":{"line":55,"column":50},"end":{"line":78,"column":1}},"line":55},"3":{"name":"(anonymous_3)","decl":{"start":{"line":81,"column":24},"end":{"line":81,"column":25}},"loc":{"start":{"line":81,"column":50},"end":{"line":99,"column":1}},"line":81}},"branchMap":{"0":{"loc":{"start":{"line":14,"column":18},"end":{"line":14,"column":46}},"type":"binary-expr","locations":[{"start":{"line":14,"column":18},"end":{"line":14,"column":39}},{"start":{"line":14,"column":43},"end":{"line":14,"column":46}}],"line":14},"1":{"loc":{"start":{"line":39,"column":4},"end":{"line":47,"column":5}},"type":"if","locations":[{"start":{"line":39,"column":4},"end":{"line":47,"column":5}},{"start":{"line":41,"column":11},"end":{"line":47,"column":5}}],"line":39},"2":{"loc":{"start":{"line":58,"column":4},"end":{"line":73,"column":5}},"type":"if","locations":[{"start":{"line":58,"column":4},"end":{"line":73,"column":5}},{"start":{"line":60,"column":11},"end":{"line":73,"column":5}}],"line":58},"3":{"loc":{"start":{"line":85,"column":4},"end":{"line":94,"column":5}},"type":"if","locations":[{"start":{"line":85,"column":4},"end":{"line":94,"column":5}},{"start":{"line":87,"column":11},"end":{"line":94,"column":5}}],"line":85}},"s":{"0":6,"1":6,"2":6,"3":6,"4":6,"5":6,"6":1,"7":1,"8":1,"9":1,"10":1,"11":1,"12":1,"13":1,"14":0,"15":0,"16":0,"17":6,"18":1,"19":1,"20":1,"21":0,"22":1,"23":1,"24":1,"25":0,"26":0,"27":6,"28":1,"29":1,"30":1,"31":0,"32":1,"33":1,"34":1,"35":1,"36":0,"37":0,"38":6,"39":1,"40":1,"41":1,"42":1,"43":0,"44":1,"45":1,"46":1,"47":1,"48":0,"49":0},"f":{"0":1,"1":1,"2":1,"3":1},"b":{"0":[1,0],"1":[0,1],"2":[0,1],"3":[0,1]},"_coverageSchema":"1a1c01bbd47fc00a2c39e90264f33305004495a9","hash":"76c06c4e33ee4cf008013ba2e96a08ecb49ce50a"}
,"C:\\Liliya\\Courses\\Seneca_CPA\\Term 6\\PRJ666\\BookShelf.io\\backend\\src\\controllers\\bookController.js": {"path":"C:\\Liliya\\Courses\\Seneca_CPA\\Term 6\\PRJ666\\BookShelf.io\\backend\\src\\controllers\\bookController.js","statementMap":{"0":{"start":{"line":1,"column":13},"end":{"line":1,"column":38}},"1":{"start":{"line":2,"column":55},"end":{"line":2,"column":80}},"2":{"start":{"line":3,"column":15},"end":{"line":3,"column":35}},"3":{"start":{"line":4,"column":45},"end":{"line":4,"column":62}},"4":{"start":{"line":5,"column":23},"end":{"line":5,"column":40}},"5":{"start":{"line":6,"column":17},"end":{"line":6,"column":36}},"6":{"start":{"line":10,"column":0},"end":{"line":35,"column":2}},"7":{"start":{"line":11,"column":18},"end":{"line":11,"column":30}},"8":{"start":{"line":12,"column":17},"end":{"line":12,"column":43}},"9":{"start":{"line":13,"column":15},"end":{"line":21,"column":4}},"10":{"start":{"line":23,"column":2},"end":{"line":34,"column":3}},"11":{"start":{"line":24,"column":4},"end":{"line":24,"column":22}},"12":{"start":{"line":25,"column":4},"end":{"line":25,"column":46}},"13":{"start":{"line":26,"column":4},"end":{"line":26,"column":44}},"14":{"start":{"line":27,"column":4},"end":{"line":27,"column":48}},"15":{"start":{"line":28,"column":4},"end":{"line":28,"column":91}},"16":{"start":{"line":30,"column":16},"end":{"line":30,"column":29}},"17":{"start":{"line":31,"column":4},"end":{"line":31,"column":58}},"18":{"start":{"line":32,"column":4},"end":{"line":32,"column":51}},"19":{"start":{"line":33,"column":4},"end":{"line":33,"column":74}},"20":{"start":{"line":41,"column":0},"end":{"line":61,"column":2}},"21":{"start":{"line":42,"column":2},"end":{"line":60,"column":3}},"22":{"start":{"line":43,"column":37},"end":{"line":43,"column":46}},"23":{"start":{"line":44,"column":16},"end":{"line":44,"column":18}},"24":{"start":{"line":46,"column":4},"end":{"line":46,"column":35}},"25":{"start":{"line":46,"column":15},"end":{"line":46,"column":35}},"26":{"start":{"line":47,"column":4},"end":{"line":47,"column":38}},"27":{"start":{"line":47,"column":16},"end":{"line":47,"column":38}},"28":{"start":{"line":48,"column":4},"end":{"line":48,"column":35}},"29":{"start":{"line":48,"column":15},"end":{"line":48,"column":35}},"30":{"start":{"line":50,"column":21},"end":{"line":50,"column":43}},"31":{"start":{"line":51,"column":4},"end":{"line":56,"column":6}},"32":{"start":{"line":58,"column":4},"end":{"line":58,"column":55}},"33":{"start":{"line":59,"column":4},"end":{"line":59,"column":77}},"34":{"start":{"line":64,"column":0},"end":{"line":79,"column":2}},"35":{"start":{"line":65,"column":2},"end":{"line":78,"column":3}},"36":{"start":{"line":66,"column":24},"end":{"line":66,"column":35}},"37":{"start":{"line":68,"column":21},"end":{"line":68,"column":57}},"38":{"start":{"line":69,"column":4},"end":{"line":74,"column":6}},"39":{"start":{"line":76,"column":4},"end":{"line":76,"column":55}},"40":{"start":{"line":77,"column":4},"end":{"line":77,"column":77}},"41":{"start":{"line":82,"column":0},"end":{"line":99,"column":2}},"42":{"start":{"line":83,"column":13},"end":{"line":83,"column":26}},"43":{"start":{"line":84,"column":2},"end":{"line":98,"column":3}},"44":{"start":{"line":85,"column":15},"end":{"line":85,"column":38}},"45":{"start":{"line":86,"column":4},"end":{"line":86,"column":40}},"46":{"start":{"line":88,"column":4},"end":{"line":93,"column":6}},"47":{"start":{"line":95,"column":4},"end":{"line":95,"column":60}},"48":{"start":{"line":96,"column":4},"end":{"line":96,"column":78}},"49":{"start":{"line":97,"column":4},"end":{"line":97,"column":16}},"50":{"start":{"line":102,"column":0},"end":{"line":145,"column":2}},"51":{"start":{"line":103,"column":13},"end":{"line":103,"column":26}},"52":{"start":{"line":104,"column":18},"end":{"line":104,"column":30}},"53":{"start":{"line":106,"column":2},"end":{"line":108,"column":3}},"54":{"start":{"line":107,"column":4},"end":{"line":107,"column":76}},"55":{"start":{"line":109,"column":2},"end":{"line":144,"column":3}},"56":{"start":{"line":110,"column":22},"end":{"line":110,"column":45}},"57":{"start":{"line":111,"column":4},"end":{"line":140,"column":5}},"58":{"start":{"line":112,"column":6},"end":{"line":112,"column":60}},"59":{"start":{"line":113,"column":6},"end":{"line":113,"column":81}},"60":{"start":{"line":115,"column":6},"end":{"line":115,"column":45}},"61":{"start":{"line":116,"column":26},"end":{"line":116,"column":37}},"62":{"start":{"line":117,"column":24},"end":{"line":117,"column":38}},"63":{"start":{"line":118,"column":6},"end":{"line":139,"column":7}},"64":{"start":{"line":119,"column":8},"end":{"line":119,"column":93}},"65":{"start":{"line":120,"column":8},"end":{"line":122,"column":90}},"66":{"start":{"line":124,"column":29},"end":{"line":131,"column":9}},"67":{"start":{"line":132,"column":28},"end":{"line":132,"column":82}},"68":{"start":{"line":133,"column":20},"end":{"line":133,"column":44}},"69":{"start":{"line":134,"column":27},"end":{"line":134,"column":56}},"70":{"start":{"line":135,"column":8},"end":{"line":135,"column":38}},"71":{"start":{"line":136,"column":8},"end":{"line":136,"column":50}},"72":{"start":{"line":137,"column":8},"end":{"line":137,"column":67}},"73":{"start":{"line":138,"column":8},"end":{"line":138,"column":88}},"74":{"start":{"line":142,"column":4},"end":{"line":142,"column":63}},"75":{"start":{"line":143,"column":4},"end":{"line":143,"column":16}},"76":{"start":{"line":147,"column":0},"end":{"line":171,"column":2}},"77":{"start":{"line":148,"column":22},"end":{"line":148,"column":33}},"78":{"start":{"line":149,"column":13},"end":{"line":149,"column":26}},"79":{"start":{"line":150,"column":2},"end":{"line":170,"column":3}},"80":{"start":{"line":151,"column":22},"end":{"line":151,"column":45}},"81":{"start":{"line":152,"column":22},"end":{"line":152,"column":36}},"82":{"start":{"line":153,"column":4},"end":{"line":166,"column":5}},"83":{"start":{"line":154,"column":6},"end":{"line":154,"column":60}},"84":{"start":{"line":155,"column":6},"end":{"line":155,"column":81}},"85":{"start":{"line":156,"column":11},"end":{"line":166,"column":5}},"86":{"start":{"line":157,"column":6},"end":{"line":157,"column":91}},"87":{"start":{"line":158,"column":6},"end":{"line":160,"column":88}},"88":{"start":{"line":162,"column":6},"end":{"line":162,"column":43}},"89":{"start":{"line":163,"column":6},"end":{"line":163,"column":39}},"90":{"start":{"line":164,"column":6},"end":{"line":164,"column":28}},"91":{"start":{"line":165,"column":6},"end":{"line":165,"column":88}},"92":{"start":{"line":168,"column":4},"end":{"line":168,"column":62}},"93":{"start":{"line":169,"column":4},"end":{"line":169,"column":16}},"94":{"start":{"line":174,"column":0},"end":{"line":191,"column":2}},"95":{"start":{"line":175,"column":17},"end":{"line":175,"column":34}},"96":{"start":{"line":176,"column":2},"end":{"line":190,"column":3}},"97":{"start":{"line":177,"column":16},"end":{"line":177,"column":62}},"98":{"start":{"line":178,"column":4},"end":{"line":178,"column":42}},"99":{"start":{"line":180,"column":4},"end":{"line":185,"column":6}},"100":{"start":{"line":187,"column":4},"end":{"line":187,"column":87}},"101":{"start":{"line":188,"column":4},"end":{"line":188,"column":71}},"102":{"start":{"line":189,"column":4},"end":{"line":189,"column":16}},"103":{"start":{"line":194,"column":0},"end":{"line":212,"column":2}},"104":{"start":{"line":195,"column":17},"end":{"line":195,"column":26}},"105":{"start":{"line":197,"column":2},"end":{"line":211,"column":3}},"106":{"start":{"line":198,"column":16},"end":{"line":198,"column":66}},"107":{"start":{"line":199,"column":4},"end":{"line":199,"column":42}},"108":{"start":{"line":201,"column":4},"end":{"line":206,"column":6}},"109":{"start":{"line":208,"column":4},"end":{"line":208,"column":87}},"110":{"start":{"line":209,"column":4},"end":{"line":209,"column":71}},"111":{"start":{"line":210,"column":4},"end":{"line":210,"column":16}}},"fnMap":{"0":{"name":"(anonymous_0)","decl":{"start":{"line":10,"column":17},"end":{"line":10,"column":18}},"loc":{"start":{"line":10,"column":37},"end":{"line":35,"column":1}},"line":10},"1":{"name":"(anonymous_1)","decl":{"start":{"line":41,"column":19},"end":{"line":41,"column":20}},"loc":{"start":{"line":41,"column":39},"end":{"line":61,"column":1}},"line":41},"2":{"name":"(anonymous_2)","decl":{"start":{"line":64,"column":28},"end":{"line":64,"column":29}},"loc":{"start":{"line":64,"column":48},"end":{"line":79,"column":1}},"line":64},"3":{"name":"(anonymous_3)","decl":{"start":{"line":82,"column":15},"end":{"line":82,"column":16}},"loc":{"start":{"line":82,"column":41},"end":{"line":99,"column":1}},"line":82},"4":{"name":"(anonymous_4)","decl":{"start":{"line":102,"column":17},"end":{"line":102,"column":18}},"loc":{"start":{"line":102,"column":43},"end":{"line":145,"column":1}},"line":102},"5":{"name":"(anonymous_5)","decl":{"start":{"line":147,"column":17},"end":{"line":147,"column":18}},"loc":{"start":{"line":147,"column":43},"end":{"line":171,"column":1}},"line":147},"6":{"name":"(anonymous_6)","decl":{"start":{"line":174,"column":16},"end":{"line":174,"column":17}},"loc":{"start":{"line":174,"column":42},"end":{"line":191,"column":1}},"line":174},"7":{"name":"(anonymous_7)","decl":{"start":{"line":194,"column":21},"end":{"line":194,"column":22}},"loc":{"start":{"line":194,"column":47},"end":{"line":212,"column":1}},"line":194}},"branchMap":{"0":{"loc":{"start":{"line":46,"column":4},"end":{"line":46,"column":35}},"type":"if","locations":[{"start":{"line":46,"column":4},"end":{"line":46,"column":35}},{"start":{},"end":{}}],"line":46},"1":{"loc":{"start":{"line":47,"column":4},"end":{"line":47,"column":38}},"type":"if","locations":[{"start":{"line":47,"column":4},"end":{"line":47,"column":38}},{"start":{},"end":{}}],"line":47},"2":{"loc":{"start":{"line":48,"column":4},"end":{"line":48,"column":35}},"type":"if","locations":[{"start":{"line":48,"column":4},"end":{"line":48,"column":35}},{"start":{},"end":{}}],"line":48},"3":{"loc":{"start":{"line":54,"column":15},"end":{"line":54,"column":29}},"type":"binary-expr","locations":[{"start":{"line":54,"column":15},"end":{"line":54,"column":23}},{"start":{"line":54,"column":27},"end":{"line":54,"column":29}}],"line":54},"4":{"loc":{"start":{"line":72,"column":15},"end":{"line":72,"column":29}},"type":"binary-expr","locations":[{"start":{"line":72,"column":15},"end":{"line":72,"column":23}},{"start":{"line":72,"column":27},"end":{"line":72,"column":29}}],"line":72},"5":{"loc":{"start":{"line":106,"column":2},"end":{"line":108,"column":3}},"type":"if","locations":[{"start":{"line":106,"column":2},"end":{"line":108,"column":3}},{"start":{},"end":{}}],"line":106},"6":{"loc":{"start":{"line":111,"column":4},"end":{"line":140,"column":5}},"type":"if","locations":[{"start":{"line":111,"column":4},"end":{"line":140,"column":5}},{"start":{"line":114,"column":11},"end":{"line":140,"column":5}}],"line":111},"7":{"loc":{"start":{"line":118,"column":6},"end":{"line":139,"column":7}},"type":"if","locations":[{"start":{"line":118,"column":6},"end":{"line":139,"column":7}},{"start":{"line":123,"column":13},"end":{"line":139,"column":7}}],"line":118},"8":{"loc":{"start":{"line":153,"column":4},"end":{"line":166,"column":5}},"type":"if","locations":[{"start":{"line":153,"column":4},"end":{"line":166,"column":5}},{"start":{"line":156,"column":11},"end":{"line":166,"column":5}}],"line":153},"9":{"loc":{"start":{"line":156,"column":11},"end":{"line":166,"column":5}},"type":"if","locations":[{"start":{"line":156,"column":11},"end":{"line":166,"column":5}},{"start":{"line":161,"column":11},"end":{"line":166,"column":5}}],"line":156}},"s":{"0":6,"1":6,"2":6,"3":6,"4":6,"5":6,"6":6,"7":1,"8":1,"9":1,"10":1,"11":1,"12":1,"13":1,"14":1,"15":1,"16":0,"17":0,"18":0,"19":0,"20":6,"21":3,"22":3,"23":3,"24":3,"25":1,"26":3,"27":1,"28":3,"29":1,"30":3,"31":3,"32":0,"33":0,"34":6,"35":1,"36":1,"37":1,"38":1,"39":0,"40":0,"41":6,"42":1,"43":1,"44":1,"45":1,"46":1,"47":0,"48":0,"49":0,"50":6,"51":1,"52":1,"53":1,"54":0,"55":1,"56":1,"57":1,"58":0,"59":0,"60":1,"61":1,"62":1,"63":1,"64":0,"65":0,"66":1,"67":1,"68":1,"69":1,"70":1,"71":1,"72":1,"73":1,"74":0,"75":0,"76":6,"77":1,"78":1,"79":1,"80":1,"81":1,"82":1,"83":0,"84":0,"85":1,"86":0,"87":0,"88":1,"89":1,"90":1,"91":1,"92":0,"93":0,"94":6,"95":0,"96":0,"97":0,"98":0,"99":0,"100":0,"101":0,"102":0,"103":6,"104":0,"105":0,"106":0,"107":0,"108":0,"109":0,"110":0,"111":0},"f":{"0":1,"1":3,"2":1,"3":1,"4":1,"5":1,"6":0,"7":0},"b":{"0":[1,2],"1":[1,2],"2":[1,2],"3":[3,0],"4":[1,0],"5":[0,1],"6":[0,1],"7":[0,1],"8":[0,1],"9":[0,1]},"_coverageSchema":"1a1c01bbd47fc00a2c39e90264f33305004495a9","hash":"24cda2a23eb304d84ef9b01dfb1b49eb9a24a071"}
,"C:\\Liliya\\Courses\\Seneca_CPA\\Term 6\\PRJ666\\BookShelf.io\\backend\\src\\controllers\\orderController.js": {"path":"C:\\Liliya\\Courses\\Seneca_CPA\\Term 6\\PRJ666\\BookShelf.io\\backend\\src\\controllers\\orderController.js","statementMap":{"0":{"start":{"line":1,"column":14},"end":{"line":1,"column":40}},"1":{"start":{"line":2,"column":13},"end":{"line":2,"column":38}},"2":{"start":{"line":3,"column":55},"end":{"line":3,"column":80}},"3":{"start":{"line":4,"column":15},"end":{"line":4,"column":35}},"4":{"start":{"line":7,"column":0},"end":{"line":26,"column":2}},"5":{"start":{"line":8,"column":17},"end":{"line":8,"column":28}},"6":{"start":{"line":10,"column":16},"end":{"line":13,"column":4}},"7":{"start":{"line":15,"column":2},"end":{"line":25,"column":3}},"8":{"start":{"line":16,"column":21},"end":{"line":16,"column":39}},"9":{"start":{"line":17,"column":4},"end":{"line":17,"column":86}},"10":{"start":{"line":18,"column":4},"end":{"line":18,"column":46}},"11":{"start":{"line":19,"column":4},"end":{"line":19,"column":50}},"12":{"start":{"line":20,"column":4},"end":{"line":20,"column":92}},"13":{"start":{"line":22,"column":16},"end":{"line":22,"column":29}},"14":{"start":{"line":23,"column":4},"end":{"line":23,"column":51}},"15":{"start":{"line":24,"column":4},"end":{"line":24,"column":76}},"16":{"start":{"line":29,"column":0},"end":{"line":50,"column":2}},"17":{"start":{"line":30,"column":21},"end":{"line":30,"column":36}},"18":{"start":{"line":31,"column":17},"end":{"line":31,"column":28}},"19":{"start":{"line":32,"column":25},"end":{"line":32,"column":27}},"20":{"start":{"line":34,"column":2},"end":{"line":49,"column":3}},"21":{"start":{"line":35,"column":4},"end":{"line":42,"column":5}},"22":{"start":{"line":36,"column":6},"end":{"line":41,"column":7}},"23":{"start":{"line":37,"column":22},"end":{"line":37,"column":51}},"24":{"start":{"line":38,"column":8},"end":{"line":40,"column":9}},"25":{"start":{"line":39,"column":10},"end":{"line":39,"column":37}},"26":{"start":{"line":44,"column":4},"end":{"line":44,"column":52}},"27":{"start":{"line":45,"column":4},"end":{"line":45,"column":90}},"28":{"start":{"line":47,"column":4},"end":{"line":47,"column":70}},"29":{"start":{"line":48,"column":4},"end":{"line":48,"column":16}}},"fnMap":{"0":{"name":"(anonymous_0)","decl":{"start":{"line":7,"column":22},"end":{"line":7,"column":23}},"loc":{"start":{"line":7,"column":42},"end":{"line":26,"column":1}},"line":7},"1":{"name":"(anonymous_1)","decl":{"start":{"line":29,"column":20},"end":{"line":29,"column":21}},"loc":{"start":{"line":29,"column":46},"end":{"line":50,"column":1}},"line":29}},"branchMap":{"0":{"loc":{"start":{"line":35,"column":4},"end":{"line":42,"column":5}},"type":"if","locations":[{"start":{"line":35,"column":4},"end":{"line":42,"column":5}},{"start":{},"end":{}}],"line":35},"1":{"loc":{"start":{"line":38,"column":8},"end":{"line":40,"column":9}},"type":"if","locations":[{"start":{"line":38,"column":8},"end":{"line":40,"column":9}},{"start":{},"end":{}}],"line":38}},"s":{"0":6,"1":6,"2":6,"3":6,"4":6,"5":1,"6":1,"7":1,"8":1,"9":1,"10":1,"11":1,"12":1,"13":0,"14":0,"15":0,"16":6,"17":1,"18":1,"19":1,"20":1,"21":1,"22":1,"23":3,"24":3,"25":3,"26":1,"27":1,"28":0,"29":0},"f":{"0":1,"1":1},"b":{"0":[1,0],"1":[3,0]},"_coverageSchema":"1a1c01bbd47fc00a2c39e90264f33305004495a9","hash":"2b972460e938403e5a074809f4a8fb37cef2131b"}
,"C:\\Liliya\\Courses\\Seneca_CPA\\Term 6\\PRJ666\\BookShelf.io\\backend\\src\\controllers\\userController.js": {"path":"C:\\Liliya\\Courses\\Seneca_CPA\\Term 6\\PRJ666\\BookShelf.io\\backend\\src\\controllers\\userController.js","statementMap":{"0":{"start":{"line":1,"column":13},"end":{"line":1,"column":38}},"1":{"start":{"line":2,"column":55},"end":{"line":2,"column":80}},"2":{"start":{"line":3,"column":15},"end":{"line":3,"column":35}},"3":{"start":{"line":4,"column":21},"end":{"line":4,"column":53}},"4":{"start":{"line":5,"column":26},"end":{"line":5,"column":62}},"5":{"start":{"line":6,"column":17},"end":{"line":6,"column":36}},"6":{"start":{"line":8,"column":0},"end":{"line":26,"column":3}},"7":{"start":{"line":9,"column":30},"end":{"line":9,"column":38}},"8":{"start":{"line":11,"column":15},"end":{"line":11,"column":44}},"9":{"start":{"line":13,"column":2},"end":{"line":25,"column":3}},"10":{"start":{"line":14,"column":4},"end":{"line":22,"column":6}},"11":{"start":{"line":24,"column":4},"end":{"line":24,"column":80}},"12":{"start":{"line":28,"column":0},"end":{"line":55,"column":3}},"13":{"start":{"line":29,"column":51},"end":{"line":29,"column":59}},"14":{"start":{"line":31,"column":21},"end":{"line":31,"column":50}},"15":{"start":{"line":33,"column":2},"end":{"line":35,"column":3}},"16":{"start":{"line":34,"column":4},"end":{"line":34,"column":88}},"17":{"start":{"line":37,"column":15},"end":{"line":42,"column":4}},"18":{"start":{"line":44,"column":2},"end":{"line":54,"column":3}},"19":{"start":{"line":45,"column":4},"end":{"line":53,"column":6}},"20":{"start":{"line":57,"column":0},"end":{"line":77,"column":2}},"21":{"start":{"line":58,"column":17},"end":{"line":58,"column":28}},"22":{"start":{"line":59,"column":2},"end":{"line":76,"column":3}},"23":{"start":{"line":60,"column":22},"end":{"line":60,"column":49}},"24":{"start":{"line":61,"column":4},"end":{"line":61,"column":42}},"25":{"start":{"line":63,"column":4},"end":{"line":71,"column":6}},"26":{"start":{"line":73,"column":4},"end":{"line":73,"column":68}},"27":{"start":{"line":74,"column":4},"end":{"line":74,"column":78}},"28":{"start":{"line":75,"column":4},"end":{"line":75,"column":16}},"29":{"start":{"line":80,"column":0},"end":{"line":95,"column":2}},"30":{"start":{"line":81,"column":17},"end":{"line":81,"column":28}},"31":{"start":{"line":82,"column":2},"end":{"line":94,"column":3}},"32":{"start":{"line":83,"column":25},"end":{"line":87,"column":5}},"33":{"start":{"line":88,"column":4},"end":{"line":88,"column":63}},"34":{"start":{"line":89,"column":4},"end":{"line":89,"column":73}},"35":{"start":{"line":90,"column":4},"end":{"line":90,"column":93}},"36":{"start":{"line":92,"column":4},"end":{"line":92,"column":72}},"37":{"start":{"line":93,"column":4},"end":{"line":93,"column":16}},"38":{"start":{"line":98,"column":0},"end":{"line":108,"column":2}},"39":{"start":{"line":99,"column":17},"end":{"line":99,"column":28}},"40":{"start":{"line":100,"column":2},"end":{"line":107,"column":3}},"41":{"start":{"line":101,"column":4},"end":{"line":101,"column":41}},"42":{"start":{"line":102,"column":4},"end":{"line":102,"column":60}},"43":{"start":{"line":103,"column":4},"end":{"line":103,"column":88}},"44":{"start":{"line":105,"column":4},"end":{"line":105,"column":66}},"45":{"start":{"line":106,"column":4},"end":{"line":106,"column":16}}},"fnMap":{"0":{"name":"(anonymous_0)","decl":{"start":{"line":8,"column":29},"end":{"line":8,"column":30}},"loc":{"start":{"line":8,"column":49},"end":{"line":26,"column":1}},"line":8},"1":{"name":"(anonymous_1)","decl":{"start":{"line":28,"column":32},"end":{"line":28,"column":33}},"loc":{"start":{"line":28,"column":52},"end":{"line":55,"column":1}},"line":28},"2":{"name":"(anonymous_2)","decl":{"start":{"line":57,"column":18},"end":{"line":57,"column":19}},"loc":{"start":{"line":57,"column":44},"end":{"line":77,"column":1}},"line":57},"3":{"name":"(anonymous_3)","decl":{"start":{"line":80,"column":21},"end":{"line":80,"column":22}},"loc":{"start":{"line":80,"column":47},"end":{"line":95,"column":1}},"line":80},"4":{"name":"(anonymous_4)","decl":{"start":{"line":98,"column":21},"end":{"line":98,"column":22}},"loc":{"start":{"line":98,"column":47},"end":{"line":108,"column":1}},"line":98}},"branchMap":{"0":{"loc":{"start":{"line":13,"column":2},"end":{"line":25,"column":3}},"type":"if","locations":[{"start":{"line":13,"column":2},"end":{"line":25,"column":3}},{"start":{"line":23,"column":9},"end":{"line":25,"column":3}}],"line":13},"1":{"loc":{"start":{"line":13,"column":6},"end":{"line":13,"column":52}},"type":"binary-expr","locations":[{"start":{"line":13,"column":6},"end":{"line":13,"column":10}},{"start":{"line":13,"column":15},"end":{"line":13,"column":51}}],"line":13},"2":{"loc":{"start":{"line":33,"column":2},"end":{"line":35,"column":3}},"type":"if","locations":[{"start":{"line":33,"column":2},"end":{"line":35,"column":3}},{"start":{},"end":{}}],"line":33},"3":{"loc":{"start":{"line":44,"column":2},"end":{"line":54,"column":3}},"type":"if","locations":[{"start":{"line":44,"column":2},"end":{"line":54,"column":3}},{"start":{},"end":{}}],"line":44}},"s":{"0":6,"1":6,"2":6,"3":6,"4":6,"5":6,"6":6,"7":6,"8":6,"9":6,"10":5,"11":1,"12":6,"13":2,"14":2,"15":2,"16":1,"17":2,"18":1,"19":1,"20":6,"21":1,"22":1,"23":1,"24":1,"25":1,"26":0,"27":0,"28":0,"29":6,"30":1,"31":1,"32":1,"33":1,"34":1,"35":1,"36":0,"37":0,"38":6,"39":1,"40":1,"41":1,"42":1,"43":1,"44":0,"45":0},"f":{"0":6,"1":2,"2":1,"3":1,"4":1},"b":{"0":[5,1],"1":[6,6],"2":[1,1],"3":[1,0]},"_coverageSchema":"1a1c01bbd47fc00a2c39e90264f33305004495a9","hash":"e371910833092bcebbb08c0ccd688470b60d1721"}
,"C:\\Liliya\\Courses\\Seneca_CPA\\Term 6\\PRJ666\\BookShelf.io\\backend\\src\\middlewares\\authUser.js": {"path":"C:\\Liliya\\Courses\\Seneca_CPA\\Term 6\\PRJ666\\BookShelf.io\\backend\\src\\middlewares\\authUser.js","statementMap":{"0":{"start":{"line":1,"column":12},"end":{"line":1,"column":35}},"1":{"start":{"line":2,"column":13},"end":{"line":2,"column":38}},"2":{"start":{"line":3,"column":21},"end":{"line":3,"column":53}},"3":{"start":{"line":4,"column":32},"end":{"line":4,"column":57}},"4":{"start":{"line":5,"column":15},"end":{"line":5,"column":35}},"5":{"start":{"line":7,"column":0},"end":{"line":40,"column":3}},"6":{"start":{"line":10,"column":2},"end":{"line":12,"column":3}},"7":{"start":{"line":11,"column":4},"end":{"line":11,"column":52}},"8":{"start":{"line":14,"column":2},"end":{"line":17,"column":3}},"9":{"start":{"line":15,"column":4},"end":{"line":15,"column":20}},"10":{"start":{"line":16,"column":4},"end":{"line":16,"column":48}},"11":{"start":{"line":19,"column":2},"end":{"line":39,"column":3}},"12":{"start":{"line":21,"column":4},"end":{"line":38,"column":5}},"13":{"start":{"line":22,"column":22},"end":{"line":22,"column":63}},"14":{"start":{"line":25,"column":24},"end":{"line":25,"column":75}},"15":{"start":{"line":26,"column":6},"end":{"line":31,"column":7}},"16":{"start":{"line":27,"column":8},"end":{"line":27,"column":73}},"17":{"start":{"line":28,"column":8},"end":{"line":28,"column":95}},"18":{"start":{"line":30,"column":8},"end":{"line":30,"column":29}},"19":{"start":{"line":33,"column":6},"end":{"line":33,"column":13}},"20":{"start":{"line":36,"column":6},"end":{"line":36,"column":22}},"21":{"start":{"line":37,"column":6},"end":{"line":37,"column":54}}},"fnMap":{"0":{"name":"(anonymous_0)","decl":{"start":{"line":7,"column":31},"end":{"line":7,"column":32}},"loc":{"start":{"line":7,"column":57},"end":{"line":40,"column":1}},"line":7}},"branchMap":{"0":{"loc":{"start":{"line":10,"column":2},"end":{"line":12,"column":3}},"type":"if","locations":[{"start":{"line":10,"column":2},"end":{"line":12,"column":3}},{"start":{},"end":{}}],"line":10},"1":{"loc":{"start":{"line":10,"column":6},"end":{"line":10,"column":81}},"type":"binary-expr","locations":[{"start":{"line":10,"column":6},"end":{"line":10,"column":31}},{"start":{"line":10,"column":35},"end":{"line":10,"column":81}}],"line":10},"2":{"loc":{"start":{"line":14,"column":2},"end":{"line":17,"column":3}},"type":"if","locations":[{"start":{"line":14,"column":2},"end":{"line":17,"column":3}},{"start":{},"end":{}}],"line":14},"3":{"loc":{"start":{"line":19,"column":2},"end":{"line":39,"column":3}},"type":"if","locations":[{"start":{"line":19,"column":2},"end":{"line":39,"column":3}},{"start":{},"end":{}}],"line":19},"4":{"loc":{"start":{"line":19,"column":6},"end":{"line":19,"column":81}},"type":"binary-expr","locations":[{"start":{"line":19,"column":6},"end":{"line":19,"column":31}},{"start":{"line":19,"column":35},"end":{"line":19,"column":81}}],"line":19},"5":{"loc":{"start":{"line":26,"column":6},"end":{"line":31,"column":7}},"type":"if","locations":[{"start":{"line":26,"column":6},"end":{"line":31,"column":7}},{"start":{"line":29,"column":13},"end":{"line":31,"column":7}}],"line":26}},"s":{"0":6,"1":6,"2":6,"3":6,"4":6,"5":6,"6":14,"7":13,"8":14,"9":1,"10":1,"11":13,"12":13,"13":13,"14":13,"15":13,"16":0,"17":0,"18":13,"19":13,"20":0,"21":0},"f":{"0":14},"b":{"0":[13,1],"1":[14,13],"2":[1,13],"3":[13,0],"4":[13,13],"5":[0,13]},"_coverageSchema":"1a1c01bbd47fc00a2c39e90264f33305004495a9","hash":"14caaad6e2cce3a15a78c918314bb3d2ac6fef8c"}
,"C:\\Liliya\\Courses\\Seneca_CPA\\Term 6\\PRJ666\\BookShelf.io\\backend\\src\\middlewares\\errorMiddleware.js": {"path":"C:\\Liliya\\Courses\\Seneca_CPA\\Term 6\\PRJ666\\BookShelf.io\\backend\\src\\middlewares\\errorMiddleware.js","statementMap":{"0":{"start":{"line":1,"column":15},"end":{"line":1,"column":35}},"1":{"start":{"line":3,"column":0},"end":{"line":7,"column":2}},"2":{"start":{"line":4,"column":16},"end":{"line":4,"column":59}},"3":{"start":{"line":5,"column":2},"end":{"line":5,"column":18}},"4":{"start":{"line":6,"column":2},"end":{"line":6,"column":14}},"5":{"start":{"line":9,"column":0},"end":{"line":21,"column":2}},"6":{"start":{"line":10,"column":21},"end":{"line":10,"column":66}},"7":{"start":{"line":12,"column":2},"end":{"line":14,"column":3}},"8":{"start":{"line":13,"column":4},"end":{"line":13,"column":54}},"9":{"start":{"line":16,"column":2},"end":{"line":16,"column":25}},"10":{"start":{"line":17,"column":2},"end":{"line":20,"column":5}}},"fnMap":{"0":{"name":"(anonymous_0)","decl":{"start":{"line":3,"column":26},"end":{"line":3,"column":27}},"loc":{"start":{"line":3,"column":46},"end":{"line":7,"column":1}},"line":3},"1":{"name":"(anonymous_1)","decl":{"start":{"line":9,"column":30},"end":{"line":9,"column":31}},"loc":{"start":{"line":9,"column":55},"end":{"line":21,"column":1}},"line":9}},"branchMap":{"0":{"loc":{"start":{"line":10,"column":21},"end":{"line":10,"column":66}},"type":"cond-expr","locations":[{"start":{"line":10,"column":46},"end":{"line":10,"column":49}},{"start":{"line":10,"column":52},"end":{"line":10,"column":66}}],"line":10},"1":{"loc":{"start":{"line":12,"column":2},"end":{"line":14,"column":3}},"type":"if","locations":[{"start":{"line":12,"column":2},"end":{"line":14,"column":3}},{"start":{},"end":{}}],"line":12},"2":{"loc":{"start":{"line":19,"column":11},"end":{"line":19,"column":67}},"type":"cond-expr","locations":[{"start":{"line":19,"column":51},"end":{"line":19,"column":55}},{"start":{"line":19,"column":58},"end":{"line":19,"column":67}}],"line":19}},"s":{"0":6,"1":6,"2":0,"3":0,"4":0,"5":6,"6":2,"7":2,"8":0,"9":2,"10":2},"f":{"0":0,"1":2},"b":{"0":[0,2],"1":[0,2],"2":[0,2]},"_coverageSchema":"1a1c01bbd47fc00a2c39e90264f33305004495a9","hash":"b46747c589fb3dceb047f5607d45b196de5c6e55"}
,"C:\\Liliya\\Courses\\Seneca_CPA\\Term 6\\PRJ666\\BookShelf.io\\backend\\src\\models\\address.js": {"path":"C:\\Liliya\\Courses\\Seneca_CPA\\Term 6\\PRJ666\\BookShelf.io\\backend\\src\\models\\address.js","statementMap":{"0":{"start":{"line":1,"column":17},"end":{"line":1,"column":36}},"1":{"start":{"line":3,"column":22},"end":{"line":28,"column":2}},"2":{"start":{"line":30,"column":16},"end":{"line":30,"column":56}},"3":{"start":{"line":32,"column":0},"end":{"line":32,"column":25}}},"fnMap":{},"branchMap":{},"s":{"0":6,"1":6,"2":6,"3":6},"f":{},"b":{},"_coverageSchema":"1a1c01bbd47fc00a2c39e90264f33305004495a9","hash":"c5c6e9189e91ee2060573ddcd173c02782d0f490"}
,"C:\\Liliya\\Courses\\Seneca_CPA\\Term 6\\PRJ666\\BookShelf.io\\backend\\src\\models\\book.js": {"path":"C:\\Liliya\\Courses\\Seneca_CPA\\Term 6\\PRJ666\\BookShelf.io\\backend\\src\\models\\book.js","statementMap":{"0":{"start":{"line":1,"column":17},"end":{"line":1,"column":36}},"1":{"start":{"line":3,"column":19},"end":{"line":32,"column":2}},"2":{"start":{"line":34,"column":13},"end":{"line":34,"column":47}},"3":{"start":{"line":36,"column":0},"end":{"line":36,"column":22}}},"fnMap":{},"branchMap":{},"s":{"0":6,"1":6,"2":6,"3":6},"f":{},"b":{},"_coverageSchema":"1a1c01bbd47fc00a2c39e90264f33305004495a9","hash":"4b2070376f96d39554f1305e676a22a9fb8162e3"}
,"C:\\Liliya\\Courses\\Seneca_CPA\\Term 6\\PRJ666\\BookShelf.io\\backend\\src\\models\\order.js": {"path":"C:\\Liliya\\Courses\\Seneca_CPA\\Term 6\\PRJ666\\BookShelf.io\\backend\\src\\models\\order.js","statementMap":{"0":{"start":{"line":1,"column":17},"end":{"line":1,"column":36}},"1":{"start":{"line":3,"column":20},"end":{"line":15,"column":1}},"2":{"start":{"line":17,"column":14},"end":{"line":17,"column":50}},"3":{"start":{"line":19,"column":0},"end":{"line":19,"column":23}}},"fnMap":{},"branchMap":{},"s":{"0":6,"1":6,"2":6,"3":6},"f":{},"b":{},"_coverageSchema":"1a1c01bbd47fc00a2c39e90264f33305004495a9","hash":"c065f42a56914cc210fbe2e51b68f57800e8eaec"}
,"C:\\Liliya\\Courses\\Seneca_CPA\\Term 6\\PRJ666\\BookShelf.io\\backend\\src\\models\\user.js": {"path":"C:\\Liliya\\Courses\\Seneca_CPA\\Term 6\\PRJ666\\BookShelf.io\\backend\\src\\models\\user.js","statementMap":{"0":{"start":{"line":1,"column":17},"end":{"line":1,"column":36}},"1":{"start":{"line":2,"column":18},"end":{"line":2,"column":38}},"2":{"start":{"line":3,"column":15},"end":{"line":3,"column":34}},"3":{"start":{"line":5,"column":19},"end":{"line":41,"column":1}},"4":{"start":{"line":43,"column":0},"end":{"line":45,"column":2}},"5":{"start":{"line":44,"column":2},"end":{"line":44,"column":62}},"6":{"start":{"line":47,"column":0},"end":{"line":54,"column":3}},"7":{"start":{"line":48,"column":2},"end":{"line":50,"column":3}},"8":{"start":{"line":49,"column":4},"end":{"line":49,"column":11}},"9":{"start":{"line":52,"column":15},"end":{"line":52,"column":39}},"10":{"start":{"line":53,"column":2},"end":{"line":53,"column":57}},"11":{"start":{"line":56,"column":13},"end":{"line":56,"column":47}},"12":{"start":{"line":58,"column":0},"end":{"line":58,"column":22}}},"fnMap":{"0":{"name":"(anonymous_0)","decl":{"start":{"line":43,"column":37},"end":{"line":43,"column":38}},"loc":{"start":{"line":43,"column":70},"end":{"line":45,"column":1}},"line":43},"1":{"name":"(anonymous_1)","decl":{"start":{"line":47,"column":23},"end":{"line":47,"column":24}},"loc":{"start":{"line":47,"column":45},"end":{"line":54,"column":1}},"line":47}},"branchMap":{"0":{"loc":{"start":{"line":48,"column":2},"end":{"line":50,"column":3}},"type":"if","locations":[{"start":{"line":48,"column":2},"end":{"line":50,"column":3}},{"start":{},"end":{}}],"line":48}},"s":{"0":6,"1":6,"2":6,"3":6,"4":6,"5":6,"6":6,"7":10,"8":1,"9":10,"10":10,"11":6,"12":6},"f":{"0":6,"1":10},"b":{"0":[1,9]},"_coverageSchema":"1a1c01bbd47fc00a2c39e90264f33305004495a9","hash":"ff5cdf04384ff5032239fb8d25fb49f315564b1d"}
,"C:\\Liliya\\Courses\\Seneca_CPA\\Term 6\\PRJ666\\BookShelf.io\\backend\\src\\routes\\health.js": {"path":"C:\\Liliya\\Courses\\Seneca_CPA\\Term 6\\PRJ666\\BookShelf.io\\backend\\src\\routes\\health.js","statementMap":{"0":{"start":{"line":1,"column":16},"end":{"line":1,"column":34}},"1":{"start":{"line":2,"column":21},"end":{"line":2,"column":34}},"2":{"start":{"line":3,"column":34},"end":{"line":3,"column":56}},"3":{"start":{"line":4,"column":15},"end":{"line":4,"column":31}},"4":{"start":{"line":6,"column":41},"end":{"line":6,"column":70}},"5":{"start":{"line":7,"column":15},"end":{"line":7,"column":35}},"6":{"start":{"line":9,"column":0},"end":{"line":21,"column":3}},"7":{"start":{"line":11,"column":2},"end":{"line":11,"column":45}},"8":{"start":{"line":12,"column":2},"end":{"line":19,"column":4}},"9":{"start":{"line":20,"column":2},"end":{"line":20,"column":39}},"10":{"start":{"line":23,"column":0},"end":{"line":23,"column":24}}},"fnMap":{"0":{"name":"(anonymous_0)","decl":{"start":{"line":9,"column":16},"end":{"line":9,"column":17}},"loc":{"start":{"line":9,"column":30},"end":{"line":21,"column":1}},"line":9}},"branchMap":{},"s":{"0":6,"1":6,"2":6,"3":6,"4":6,"5":6,"6":6,"7":3,"8":3,"9":3,"10":6},"f":{"0":3},"b":{},"_coverageSchema":"1a1c01bbd47fc00a2c39e90264f33305004495a9","hash":"aff9d6631efff03b864a17b8c3b89b4f531a7a2d"}
,"C:\\Liliya\\Courses\\Seneca_CPA\\Term 6\\PRJ666\\BookShelf.io\\backend\\src\\routes\\productRoutes.js": {"path":"C:\\Liliya\\Courses\\Seneca_CPA\\Term 6\\PRJ666\\BookShelf.io\\backend\\src\\routes\\productRoutes.js","statementMap":{"0":{"start":{"line":1,"column":16},"end":{"line":1,"column":34}},"1":{"start":{"line":2,"column":15},"end":{"line":2,"column":31}},"2":{"start":{"line":3,"column":23},"end":{"line":3,"column":63}},"3":{"start":{"line":4,"column":20},"end":{"line":4,"column":54}},"4":{"start":{"line":7,"column":15},"end":{"line":7,"column":32}},"5":{"start":{"line":8,"column":16},"end":{"line":8,"column":38}},"6":{"start":{"line":9,"column":15},"end":{"line":9,"column":34}},"7":{"start":{"line":11,"column":0},"end":{"line":11,"column":77}},"8":{"start":{"line":13,"column":0},"end":{"line":13,"column":69}},"9":{"start":{"line":15,"column":0},"end":{"line":15,"column":46}},"10":{"start":{"line":17,"column":0},"end":{"line":17,"column":45}},"11":{"start":{"line":19,"column":0},"end":{"line":19,"column":80}},"12":{"start":{"line":21,"column":0},"end":{"line":21,"column":59}},"13":{"start":{"line":23,"column":0},"end":{"line":23,"column":51}},"14":{"start":{"line":24,"column":0},"end":{"line":24,"column":63}},"15":{"start":{"line":26,"column":0},"end":{"line":26,"column":24}}},"fnMap":{},"branchMap":{},"s":{"0":6,"1":6,"2":6,"3":6,"4":6,"5":6,"6":6,"7":6,"8":6,"9":6,"10":6,"11":6,"12":6,"13":6,"14":6,"15":6},"f":{},"b":{},"_coverageSchema":"1a1c01bbd47fc00a2c39e90264f33305004495a9","hash":"3949e81c5db52636b1baa4eb2ee1b8dd41aa436b"}
,"C:\\Liliya\\Courses\\Seneca_CPA\\Term 6\\PRJ666\\BookShelf.io\\backend\\src\\routes\\userRoutes.js": {"path":"C:\\Liliya\\Courses\\Seneca_CPA\\Term 6\\PRJ666\\BookShelf.io\\backend\\src\\routes\\userRoutes.js","statementMap":{"0":{"start":{"line":1,"column":16},"end":{"line":1,"column":34}},"1":{"start":{"line":2,"column":15},"end":{"line":2,"column":31}},"2":{"start":{"line":3,"column":23},"end":{"line":3,"column":63}},"3":{"start":{"line":4,"column":26},"end":{"line":4,"column":69}},"4":{"start":{"line":5,"column":24},"end":{"line":5,"column":65}},"5":{"start":{"line":6,"column":20},"end":{"line":6,"column":54}},"6":{"start":{"line":8,"column":0},"end":{"line":8,"column":50}},"7":{"start":{"line":10,"column":0},"end":{"line":10,"column":44}},"8":{"start":{"line":12,"column":0},"end":{"line":12,"column":68}},"9":{"start":{"line":14,"column":0},"end":{"line":14,"column":67}},"10":{"start":{"line":16,"column":0},"end":{"line":16,"column":70}},"11":{"start":{"line":18,"column":0},"end":{"line":18,"column":73}},"12":{"start":{"line":20,"column":0},"end":{"line":20,"column":65}},"13":{"start":{"line":22,"column":0},"end":{"line":22,"column":63}},"14":{"start":{"line":24,"column":0},"end":{"line":24,"column":53}},"15":{"start":{"line":26,"column":0},"end":{"line":26,"column":56}},"16":{"start":{"line":28,"column":0},"end":{"line":28,"column":59}},"17":{"start":{"line":31,"column":0},"end":{"line":31,"column":24}}},"fnMap":{},"branchMap":{},"s":{"0":6,"1":6,"2":6,"3":6,"4":6,"5":6,"6":6,"7":6,"8":6,"9":6,"10":6,"11":6,"12":6,"13":6,"14":6,"15":6,"16":6,"17":6},"f":{},"b":{},"_coverageSchema":"1a1c01bbd47fc00a2c39e90264f33305004495a9","hash":"302292930c197d82edc9aa4efdc67464f7b0cf07"}
,"C:\\Liliya\\Courses\\Seneca_CPA\\Term 6\\PRJ666\\BookShelf.io\\backend\\src\\utils\\generateToken.js": {"path":"C:\\Liliya\\Courses\\Seneca_CPA\\Term 6\\PRJ666\\BookShelf.io\\backend\\src\\utils\\generateToken.js","statementMap":{"0":{"start":{"line":1,"column":12},"end":{"line":1,"column":35}},"1":{"start":{"line":3,"column":0},"end":{"line":7,"column":2}},"2":{"start":{"line":4,"column":2},"end":{"line":6,"column":5}}},"fnMap":{"0":{"name":"(anonymous_0)","decl":{"start":{"line":3,"column":24},"end":{"line":3,"column":25}},"loc":{"start":{"line":3,"column":32},"end":{"line":7,"column":1}},"line":3}},"branchMap":{},"s":{"0":6,"1":6,"2":6},"f":{"0":6},"b":{},"_coverageSchema":"1a1c01bbd47fc00a2c39e90264f33305004495a9","hash":"6a73544e6cdb510ce316a2f8d352a3511e35f221"}
}
