TN:
SF:src\app.js
FNF:0
FNH:0
DA:1,5
DA:2,5
DA:3,5
DA:4,5
DA:5,5
DA:6,5
DA:7,5
DA:8,5
DA:11,5
DA:12,5
DA:15,5
DA:16,5
DA:17,5
DA:18,5
DA:21,5
DA:22,5
DA:25,5
DA:26,5
DA:27,5
DA:29,5
DA:30,5
DA:32,5
LF:22
LH:22
BRF:0
BRH:0
end_of_record
TN:
SF:src\logger.js
FNF:0
FNH:0
DA:2,5
DA:12,5
LF:2
LH:2
BRDA:3,0,0,5
BRDA:3,0,1,0
BRF:2
BRH:1
end_of_record
TN:
SF:src\response.js
FN:1,(anonymous_0)
FN:8,(anonymous_1)
FNF:2
FNH:2
FNDA:23,(anonymous_0)
FNDA:2,(anonymous_1)
DA:1,5
DA:2,23
DA:8,5
DA:9,2
LF:4
LH:4
BRF:0
BRH:0
end_of_record
TN:
SF:src\aws\index.js
FN:6,saveImage
FN:33,getImage
FN:60,deleteImage
FNF:3
FNH:0
FNDA:0,saveImage
FNDA:0,getImage
FNDA:0,deleteImage
DA:1,5
DA:2,5
DA:3,5
DA:7,0
DA:14,0
DA:16,0
DA:17,0
DA:25,0
DA:27,0
DA:28,0
DA:29,0
DA:34,0
DA:39,0
DA:41,0
DA:42,0
DA:50,0
DA:51,0
DA:53,0
DA:54,0
DA:55,0
DA:61,0
DA:66,0
DA:68,0
DA:69,0
DA:77,0
DA:79,0
DA:80,0
DA:81,0
DA:85,5
DA:86,5
DA:87,5
LF:31
LH:6
BRF:0
BRH:0
end_of_record
TN:
SF:src\controllers\addressController.js
FN:9,(anonymous_0)
FN:35,(anonymous_1)
FN:55,(anonymous_2)
FN:81,(anonymous_3)
FNF:4
FNH:4
FNDA:1,(anonymous_0)
FNDA:1,(anonymous_1)
FNDA:1,(anonymous_2)
FNDA:1,(anonymous_3)
DA:1,5
DA:2,5
DA:3,5
DA:4,5
DA:5,5
DA:9,5
DA:10,1
DA:12,1
DA:21,1
DA:22,1
DA:23,1
DA:24,1
DA:25,1
DA:26,1
DA:28,0
DA:29,0
DA:30,0
DA:35,5
DA:36,1
DA:38,1
DA:39,1
DA:40,0
DA:42,1
DA:43,1
DA:44,1
DA:49,0
DA:50,0
DA:55,5
DA:56,1
DA:57,1
DA:58,1
DA:59,0
DA:61,1
DA:70,1
DA:71,1
DA:72,1
DA:75,0
DA:76,0
DA:81,5
DA:82,1
DA:83,1
DA:84,1
DA:85,1
DA:86,0
DA:88,1
DA:89,1
DA:90,1
DA:91,1
DA:96,0
DA:97,0
LF:50
LH:38
BRDA:14,0,0,1
BRDA:14,0,1,0
BRDA:39,1,0,0
BRDA:39,1,1,1
BRDA:58,2,0,0
BRDA:58,2,1,1
BRDA:85,3,0,0
BRDA:85,3,1,1
BRF:8
BRH:4
end_of_record
TN:
SF:src\controllers\bookController.js
FN:10,(anonymous_0)
FN:41,(anonymous_1)
FN:64,(anonymous_2)
FN:82,(anonymous_3)
FN:102,(anonymous_4)
FN:147,(anonymous_5)
FN:174,(anonymous_6)
FN:194,(anonymous_7)
FNF:8
FNH:0
FNDA:0,(anonymous_0)
FNDA:0,(anonymous_1)
FNDA:0,(anonymous_2)
FNDA:0,(anonymous_3)
FNDA:0,(anonymous_4)
FNDA:0,(anonymous_5)
FNDA:0,(anonymous_6)
FNDA:0,(anonymous_7)
DA:1,5
DA:2,5
DA:3,5
DA:4,5
DA:5,5
DA:6,5
DA:10,5
DA:11,0
DA:12,0
DA:13,0
DA:23,0
DA:24,0
DA:25,0
DA:26,0
DA:27,0
DA:28,0
DA:30,0
DA:31,0
DA:32,0
DA:33,0
DA:41,5
DA:42,0
DA:43,0
DA:44,0
DA:46,0
DA:47,0
DA:48,0
DA:50,0
DA:51,0
DA:58,0
DA:59,0
DA:64,5
DA:65,0
DA:66,0
DA:68,0
DA:69,0
DA:76,0
DA:77,0
DA:82,5
DA:83,0
DA:84,0
DA:85,0
DA:86,0
DA:88,0
DA:95,0
DA:96,0
DA:97,0
DA:102,5
DA:103,0
DA:104,0
DA:106,0
DA:107,0
DA:109,0
DA:110,0
DA:111,0
DA:112,0
DA:113,0
DA:115,0
DA:116,0
DA:117,0
DA:118,0
DA:119,0
DA:120,0
DA:124,0
DA:132,0
DA:133,0
DA:134,0
DA:135,0
DA:136,0
DA:137,0
DA:138,0
DA:142,0
DA:143,0
DA:147,5
DA:148,0
DA:149,0
DA:150,0
DA:151,0
DA:152,0
DA:153,0
DA:154,0
DA:155,0
DA:156,0
DA:157,0
DA:158,0
DA:162,0
DA:163,0
DA:164,0
DA:165,0
DA:168,0
DA:169,0
DA:174,5
DA:175,0
DA:176,0
DA:177,0
DA:178,0
DA:180,0
DA:187,0
DA:188,0
DA:189,0
DA:194,5
DA:195,0
DA:197,0
DA:198,0
DA:199,0
DA:201,0
DA:208,0
DA:209,0
DA:210,0
LF:109
LH:14
BRDA:46,0,0,0
BRDA:46,0,1,0
BRDA:47,1,0,0
BRDA:47,1,1,0
BRDA:48,2,0,0
BRDA:48,2,1,0
BRDA:54,3,0,0
BRDA:54,3,1,0
BRDA:72,4,0,0
BRDA:72,4,1,0
BRDA:106,5,0,0
BRDA:106,5,1,0
BRDA:111,6,0,0
BRDA:111,6,1,0
BRDA:118,7,0,0
BRDA:118,7,1,0
BRDA:153,8,0,0
BRDA:153,8,1,0
BRDA:156,9,0,0
BRDA:156,9,1,0
BRF:20
BRH:0
end_of_record
TN:
SF:src\controllers\orderController.js
FN:7,(anonymous_0)
FN:29,(anonymous_1)
FNF:2
FNH:2
FNDA:1,(anonymous_0)
FNDA:1,(anonymous_1)
DA:1,5
DA:2,5
DA:3,5
DA:4,5
DA:7,5
DA:8,1
DA:10,1
DA:15,1
DA:16,1
DA:17,1
DA:18,1
DA:19,1
DA:20,1
DA:22,0
DA:23,0
DA:24,0
DA:29,5
DA:30,1
DA:31,1
DA:32,1
DA:34,1
DA:35,1
DA:36,1
DA:37,2
DA:38,2
DA:39,2
DA:44,1
DA:45,1
DA:47,0
DA:48,0
LF:30
LH:25
BRDA:35,0,0,1
BRDA:35,0,1,0
BRDA:38,1,0,2
BRDA:38,1,1,0
BRF:4
BRH:2
end_of_record
TN:
SF:src\controllers\userController.js
FN:8,(anonymous_0)
FN:28,(anonymous_1)
FN:57,(anonymous_2)
FN:80,(anonymous_3)
FN:98,(anonymous_4)
FNF:5
FNH:5
FNDA:11,(anonymous_0)
FNDA:2,(anonymous_1)
FNDA:1,(anonymous_2)
FNDA:1,(anonymous_3)
FNDA:1,(anonymous_4)
DA:1,5
DA:2,5
DA:3,5
DA:4,5
DA:5,5
DA:6,5
DA:8,5
DA:9,11
DA:11,11
DA:13,11
DA:14,10
DA:24,1
DA:28,5
DA:29,2
DA:31,2
DA:33,2
DA:34,1
DA:37,2
DA:44,1
DA:45,1
DA:57,5
DA:58,1
DA:59,1
DA:60,1
DA:61,1
DA:63,1
DA:73,0
DA:74,0
DA:75,0
DA:80,5
DA:81,1
DA:82,1
DA:83,1
DA:88,1
DA:89,1
DA:90,1
DA:92,0
DA:93,0
DA:98,5
DA:99,1
DA:100,1
DA:101,1
DA:102,1
DA:103,1
DA:105,0
DA:106,0
LF:46
LH:39
BRDA:13,0,0,10
BRDA:13,0,1,1
BRDA:13,1,0,11
BRDA:13,1,1,11
BRDA:33,2,0,1
BRDA:33,2,1,1
BRDA:44,3,0,1
BRDA:44,3,1,0
BRF:8
BRH:7
end_of_record
TN:
SF:src\middlewares\authUser.js
FN:7,(anonymous_0)
FNF:1
FNH:1
FNDA:10,(anonymous_0)
DA:1,5
DA:2,5
DA:3,5
DA:4,5
DA:5,5
DA:7,5
DA:10,10
DA:11,9
DA:14,10
DA:15,1
DA:16,1
DA:19,9
DA:20,9
DA:21,9
DA:22,9
DA:23,9
DA:25,9
DA:26,9
DA:27,0
DA:28,0
DA:30,9
DA:33,9
DA:35,0
DA:36,0
DA:37,0
LF:25
LH:20
BRDA:10,0,0,9
BRDA:10,0,1,1
BRDA:10,1,0,10
BRDA:10,1,1,9
BRDA:14,2,0,1
BRDA:14,2,1,9
BRDA:19,3,0,9
BRDA:19,3,1,0
BRDA:19,4,0,9
BRDA:19,4,1,9
BRDA:26,5,0,0
BRDA:26,5,1,9
BRF:12
BRH:10
end_of_record
TN:
SF:src\middlewares\errorMiddleware.js
FN:3,(anonymous_0)
FN:9,(anonymous_1)
FNF:2
FNH:1
FNDA:0,(anonymous_0)
FNDA:2,(anonymous_1)
DA:1,5
DA:3,5
DA:4,0
DA:5,0
DA:6,0
DA:9,5
DA:10,2
DA:12,2
DA:13,0
DA:16,2
DA:17,2
LF:11
LH:7
BRDA:10,0,0,0
BRDA:10,0,1,2
BRDA:12,1,0,0
BRDA:12,1,1,2
BRDA:19,2,0,0
BRDA:19,2,1,2
BRF:6
BRH:3
end_of_record
TN:
SF:src\models\address.js
FNF:0
FNH:0
DA:1,5
DA:3,5
DA:30,5
DA:32,5
LF:4
LH:4
BRF:0
BRH:0
end_of_record
TN:
SF:src\models\book.js
FNF:0
FNH:0
DA:1,5
DA:3,5
DA:34,5
DA:36,5
LF:4
LH:4
BRF:0
BRH:0
end_of_record
TN:
SF:src\models\order.js
FNF:0
FNH:0
DA:1,5
DA:3,5
DA:17,5
DA:19,5
LF:4
LH:4
BRF:0
BRH:0
end_of_record
TN:
SF:src\models\user.js
FN:43,(anonymous_0)
FN:47,(anonymous_1)
FNF:2
FNH:2
FNDA:11,(anonymous_0)
FNDA:18,(anonymous_1)
DA:1,5
DA:2,5
DA:3,5
DA:5,5
DA:43,5
DA:44,11
DA:47,5
DA:48,18
DA:49,4
DA:52,18
DA:53,18
DA:56,5
DA:58,5
LF:13
LH:13
BRDA:48,0,0,4
BRDA:48,0,1,14
BRF:2
BRH:2
end_of_record
TN:
SF:src\routes\health.js
FN:9,(anonymous_0)
FNF:1
FNH:1
FNDA:3,(anonymous_0)
DA:1,5
DA:2,5
DA:3,5
DA:4,5
DA:6,5
DA:7,5
DA:9,5
DA:11,3
DA:12,3
DA:20,3
DA:23,5
LF:11
LH:11
BRF:0
BRH:0
end_of_record
TN:
SF:src\routes\productRoutes.js
FNF:0
FNH:0
DA:1,5
DA:2,5
DA:3,5
DA:4,5
DA:7,5
DA:8,5
DA:9,5
DA:11,5
DA:13,5
DA:15,5
DA:17,5
DA:19,5
DA:21,5
DA:23,5
DA:24,5
DA:26,5
LF:16
LH:16
BRF:0
BRH:0
end_of_record
TN:
SF:src\routes\userRoutes.js
FNF:0
FNH:0
DA:1,5
DA:2,5
DA:3,5
DA:4,5
DA:5,5
DA:6,5
DA:8,5
DA:10,5
DA:12,5
DA:14,5
DA:16,5
DA:18,5
DA:20,5
DA:22,5
DA:24,5
DA:26,5
DA:28,5
DA:31,5
LF:18
LH:18
BRF:0
BRH:0
end_of_record
TN:
SF:src\utils\generateToken.js
FN:3,(anonymous_0)
FNF:1
FNH:1
FNDA:11,(anonymous_0)
DA:1,5
DA:3,5
DA:4,11
LF:3
LH:3
BRF:0
BRH:0
end_of_record
